This is LuaTeX, Version beta-0.80.0 (TeX Live 2015/Debian) (rev 5238)  (format=lualatex 2017.5.5)  24 MAY 2017 14:09
 restricted \write18 enabled.
**api.tex
(./api.tex
LaTeX2e <2016/02/01>
Babel <3.9q> and hyphenation patterns for 1 language(s) loaded.
! Undefined control sequence.
l.4 \chapter
          {Service layer - Restful API}
The control sequence at the end of the top line
of your error message was never \def'ed. If you have
misspelled it (e.g., `\hobx'), type `I' and the correct
spelling (e.g., `I\hbox'). Otherwise just continue,
and I'll forget about whatever was undefined.


! LaTeX Error: Missing \begin{document}.

See the LaTeX manual or LaTeX Companion for explanation.
Type  H <return>  for immediate help.
 ...                                              
                                                  
l.4 \chapter{S
            ervice layer - Restful API}
You're in trouble here.  Try typing  <return>  to proceed.
If that doesn't work, type  X <return>  to quit.


Overfull \hbox (20.0pt too wide) in paragraph at lines 4--5
[][]Service
 []


! LaTeX Error: Missing \begin{document}.

See the LaTeX manual or LaTeX Companion for explanation.
Type  H <return>  for immediate help.
 ...                                              
                                                  
l.7 Î¤
    Î± ÎºÎ¿Î¼Î¼Î¬Ï„Î¹Î± Ï„Î¿Ï… frontend ÎºÎ±Î¹ Ï„Î¿Ï… backend, Ï€Î±ÏÏŒÎ»Î¿ ...
You're in trouble here.  Try typing  <return>  to proceed.
If that doesn't work, type  X <return>  to quit.


Overfull \hbox (20.0pt too wide) in paragraph at lines 7--7
[][]Î¤Î±
 []


Overfull \hbox (20.22908pt too wide) in paragraph at lines 7--7
\OT1/cmr/bx/n/10 Ser-
 []


Overfull \hbox (19.64574pt too wide) in paragraph at lines 7--7
\OT1/cmr/bx/n/10 vice
 []


Overfull \hbox (27.94429pt too wide) in paragraph at lines 7--7
\OT1/cmr/bx/n/10 Layer\nullfont . 
 []


! LaTeX Error: Missing \begin{document}.

See the LaTeX manual or LaTeX Companion for explanation.
Type  H <return>  for immediate help.
 ...                                              
                                                  
l.7 ...Î¿Î¼Î¬Î¶ÎµÏ„Îµ \textbf{Service Layer}.\par Î£
                                                  Îµ Ï€Î¿Î»Î»Î­Ï‚ ÎµÏ†Î±ÏÎ¼...
You're in trouble here.  Try typing  <return>  to proceed.
If that doesn't work, type  X <return>  to quit.


Overfull \hbox (20.0pt too wide) in paragraph at lines 7--7
[][]Î£Îµ
 []


Overfull \hbox (20.22908pt too wide) in paragraph at lines 7--7
\OT1/cmr/bx/n/10 Ser-
 []


Overfull \hbox (19.64574pt too wide) in paragraph at lines 7--7
\OT1/cmr/bx/n/10 vice
 []


Overfull \hbox (27.94429pt too wide) in paragraph at lines 7--7
\OT1/cmr/bx/n/10 Layer
 []


Overfull \hbox (20.22908pt too wide) in paragraph at lines 7--7
\OT1/cmr/bx/n/10 Ser-
 []


Overfull \hbox (19.64574pt too wide) in paragraph at lines 7--7
\OT1/cmr/bx/n/10 vice
 []


Overfull \hbox (27.94429pt too wide) in paragraph at lines 7--7
\OT1/cmr/bx/n/10 Layer
 []


! LaTeX Error: Missing \begin{document}.

See the LaTeX manual or LaTeX Companion for explanation.
Type  H <return>  for immediate help.
 ...                                              
                                                  
l.7 ...Î¹Î·Î¸ÎµÎ¯ Î¼Î±Î¶Î¯ Î¼Îµ Ï„Î¿ backend.\par Î£
                                                  Îµ Î³ÎµÎ½Î¹ÎºÎ­Ï‚ Î³ÏÎ±Î¼...
You're in trouble here.  Try typing  <return>  to proceed.
If that doesn't work, type  X <return>  to quit.


Overfull \hbox (20.0pt too wide) in paragraph at lines 7--8
[][]Î£Îµ
 []


Overfull \hbox (20.91655pt too wide) in paragraph at lines 7--8
\OT1/cmr/bx/n/10 API
 []


Overfull \hbox (20.28459pt too wide) in paragraph at lines 7--8
\OT1/cmr/bx/n/10 (ap-
 []


Overfull \hbox (16.61102pt too wide) in paragraph at lines 7--8
\OT1/cmr/bx/n/10 pli-
 []


Overfull \hbox (14.53462pt too wide) in paragraph at lines 7--8
\OT1/cmr/bx/n/10 ca-
 []


Overfull \hbox (19.80545pt too wide) in paragraph at lines 7--8
\OT1/cmr/bx/n/10 tion
 []


Overfull \hbox (20.70824pt too wide) in paragraph at lines 7--8
\OT1/cmr/bx/n/10 pro-
 []


Overfull \hbox (29.49289pt too wide) in paragraph at lines 7--8
\OT1/cmr/bx/n/10 gram-
 []


Overfull \hbox (24.91653pt too wide) in paragraph at lines 7--8
\OT1/cmr/bx/n/10 ming
 []


Overfull \hbox (13.4166pt too wide) in paragraph at lines 7--8
\OT1/cmr/bx/n/10 in-
 []


Overfull \hbox (18.31242pt too wide) in paragraph at lines 7--8
\OT1/cmr/bx/n/10 ter-
 []


Overfull \hbox (23.95819pt too wide) in paragraph at lines 7--8
\OT1/cmr/bx/n/10 face)\nullfont .Î¤Î¿
 []

! Undefined control sequence.
l.13 \section
           {Î ÎµÏÎ¹Î³ÏÎ±Ï†Î®}
The control sequence at the end of the top line
of your error message was never \def'ed. If you have
misspelled it (e.g., `\hobx'), type `I' and the correct
spelling (e.g., `I\hbox'). Otherwise just continue,
and I'll forget about whatever was undefined.


! LaTeX Error: Missing \begin{document}.

See the LaTeX manual or LaTeX Companion for explanation.
Type  H <return>  for immediate help.
 ...                                              
                                                  
l.13 \section{Î 
              ÎµÏÎ¹Î³ÏÎ±Ï†Î®}
You're in trouble here.  Try typing  <return>  to proceed.
If that doesn't work, type  X <return>  to quit.


Overfull \hbox (20.0pt too wide) in paragraph at lines 13--15
[][]Î ÎµÏÎ¹Î³ÏÎ±Ï†Î®
 []


! LaTeX Error: Missing \begin{document}.

See the LaTeX manual or LaTeX Companion for explanation.
Type  H <return>  for immediate help.
 ...                                              
                                                  
l.16 Î¤
     Î¿ Î»Î¿Î³Î¹ÏƒÎ¼Î¹ÎºÏŒ Ï€Î¿Ï… ÎµÏ€Î¹Î¸Ï…Î¼ÎµÎ¯ Î½Î± Î±Ï€Î¿ÎºÏ„Î®ÏƒÎµÎ¹ Ï...
You're in trouble here.  Try typing  <return>  to proceed.
If that doesn't work, type  X <return>  to quit.


Overfull \hbox (20.0pt too wide) in paragraph at lines 16--17
[][]Î¤Î¿
 []

! Undefined control sequence.
l.18 \section
           {Î£Ï‡ÎµÎ´Î¯Î±ÏƒÎ· Ï„Î¿Ï… API}
The control sequence at the end of the top line
of your error message was never \def'ed. If you have
misspelled it (e.g., `\hobx'), type `I' and the correct
spelling (e.g., `I\hbox'). Otherwise just continue,
and I'll forget about whatever was undefined.


! LaTeX Error: Missing \begin{document}.

See the LaTeX manual or LaTeX Companion for explanation.
Type  H <return>  for immediate help.
 ...                                              
                                                  
l.18 \section{Î£
              Ï‡ÎµÎ´Î¯Î±ÏƒÎ· Ï„Î¿Ï… API}
You're in trouble here.  Try typing  <return>  to proceed.
If that doesn't work, type  X <return>  to quit.


Overfull \hbox (20.0pt too wide) in paragraph at lines 18--21
[][]Î£Ï‡ÎµÎ´Î¯Î±ÏƒÎ·
 []

)
! Emergency stop.
<*> api.tex
        
*** (job aborted, no legal \end found)



Here is how much of LuaTeX's memory you used:
 10 strings out of 495004
 100000,89155 words of node,token memory allocated 12312 words of node memory still in use:
   45 hlist, 10 disc, 356 glue, 8 kern, 29 penalty, 1641 glyph, 75 glue_spec, 7 
local_par, 1 dir nodes
   avail lists: 2:13,3:1,4:46,5:1,6:1,7:72,10:52
 3697 multiletter control sequences out of 65536+600000
 15 fonts using 601983 bytes
 13i,1n,10p,1781b,67s stack positions out of 5000i,500n,10000p,200000b,100000s
!  ==> Fatal error occurred, no output PDF file produced!
