This is LuaTeX, Version beta-0.80.0 (TeX Live 2015/Debian) (rev 5238)  (format=lualatex 2017.5.5)  5 MAY 2017 15:37
 restricted \write18 enabled.
**thesis.tex
(./thesis.tex
LaTeX2e <2016/02/01>
Babel <3.9q> and hyphenation patterns for 1 language(s) loaded.
(/usr/share/texlive/texmf-dist/tex/latex/base/report.cls
Document Class: report 2014/09/29 v1.4h Standard LaTeX document class
(/usr/share/texlive/texmf-dist/tex/latex/base/size12.clo
File: size12.clo 2014/09/29 v1.4h Standard LaTeX file (size option)
)
\c@part=\count79
\c@chapter=\count80
\c@section=\count81
\c@subsection=\count82
\c@subsubsection=\count83
\c@paragraph=\count84
\c@subparagraph=\count85
\c@figure=\count86
\c@table=\count87
\abovecaptionskip=\skip41
\belowcaptionskip=\skip42
\bibindent=\dimen102
)
(/usr/share/texlive/texmf-dist/tex/generic/babel/babel.sty
Package: babel 2016/02/24 3.9q The Babel package

(/usr/share/texlive/texmf-dist/tex/generic/babel/luababel.def
\l@dumylang=\language1
\l@nohyphenation=\language2
\l@ukenglish=\language3
\l@ibycus=\language4
\l@monogreek=\language5
\l@greek=\language6
\l@ancientgreek=\language7
\l@usenglishmax=\language8
)
(/usr/share/texlive/texmf-dist/tex/generic/babel-greek/greek.ldf
Language: greek 2016/02/04 v1.9f Greek support for the babel system

(/usr/share/texlive/texmf-dist/tex/generic/babel/babel.def
File: babel.def 2016/02/24 3.9q Babel common definitions
\babel@savecnt=\count88
\U@D=\dimen103

(/usr/share/texlive/texmf-dist/tex/generic/babel/luababel.def))
\bbl@monogreek=\count89
\bbl@polygreek=\count90
\bbl@ancientgreek=\count91

(/usr/share/texlive/texmf-dist/tex/latex/greek-fontenc/lgrenc.def
File: lgrenc.def 2015/12/07 v0.13.1 LGR Greek font encoding definitions

(/usr/share/texlive/texmf-dist/tex/latex/greek-fontenc/greek-fontenc.def
File: greek-fontenc.def 2015/08/04 v0.13 Common Greek font encoding definitions
))
(/usr/share/texlive/texmf-dist/tex/generic/hyph-utf8/loadhyph/loadhyph-el-polyt
on.tex UTF-8 Hyphenation patterns for multi-accent (polytonic) Modern Greek
(/usr/share/texlive/texmf-dist/tex/generic/hyph-utf8/patterns/tex/hyph-el-polyt
on.tex))) (/usr/share/texlive/texmf-dist/tex/generic/babel-english/english.ldf
Language: english 2012/08/20 v3.3p English support from the babel system
\l@canadian = a dialect from \language\l@american 
\l@australian = a dialect from \language\l@british 
\l@newzealand = a dialect from \language\l@british 
)) (/usr/share/texlive/texmf-dist/tex/latex/geometry/geometry.sty
Package: geometry 2010/09/12 v5.6 Page Geometry

(/usr/share/texlive/texmf-dist/tex/latex/graphics/keyval.sty
Package: keyval 2014/10/28 v1.15 key=value parser (DPC)
\KV@toks@=\toks14
)
(/usr/share/texlive/texmf-dist/tex/generic/oberdiek/ifpdf.sty
Package: ifpdf 2011/01/30 v2.3 Provides the ifpdf switch (HO)
Package ifpdf Info: pdfTeX in PDF mode is detected.
)
(/usr/share/texlive/texmf-dist/tex/generic/oberdiek/ifvtex.sty
Package: ifvtex 2010/03/01 v1.5 Detect VTeX and its facilities (HO)
Package ifvtex Info: VTeX not detected.
)
(/usr/share/texlive/texmf-dist/tex/generic/ifxetex/ifxetex.sty
Package: ifxetex 2010/09/12 v0.6 Provides ifxetex conditional
)
\Gm@cnth=\count92
\Gm@cntv=\count93
\c@Gm@tempcnt=\count94
\Gm@bindingoffset=\dimen104
\Gm@wd@mp=\dimen105
\Gm@odd@mp=\dimen106
\Gm@even@mp=\dimen107
\Gm@layoutwidth=\dimen108
\Gm@layoutheight=\dimen109
\Gm@layouthoffset=\dimen110
\Gm@layoutvoffset=\dimen111
\Gm@dimlist=\toks15
)
(/usr/share/texlive/texmf-dist/tex/latex/xltxtra/xltxtra.sty
Package: xltxtra 2016/01/21 v0.6 Improvements for the "XeLaTeX" format

(/usr/share/texlive/texmf-dist/tex/generic/oberdiek/ifluatex.sty
Package: ifluatex 2010/03/01 v1.3 Provides the ifluatex switch (HO)
Package ifluatex Info: LuaTeX detected.
)

Package xltxtra Warning: 
 XLTXTRA IS TO BE USED ONLY UNDER XETEX. LOAD FONTSPEC DIRECTLY, INSTEAD.
 ABORTING LOADING.

(/usr/share/texlive/texmf-dist/tex/latex/fontspec/fontspec.sty
(/usr/share/texlive/texmf-dist/tex/latex/l3kernel/expl3.sty
Package: expl3 2016/01/19 v6377 L3 programming layer (loader) 

(/usr/share/texlive/texmf-dist/tex/latex/l3kernel/expl3-code.tex
Package: expl3 2016/01/19 v6377 L3 programming layer (code)
L3 Module: l3bootstrap 2016/01/01 v6339 L3 Bootstrap code
\ucharcat@table=\catcodetable5
L3 Module: l3names 2015/12/21 v6328 L3 Namespace for primitives
L3 Module: l3basics 2015/11/22 v6315 L3 Basic definitions
L3 Module: l3expan 2015/09/10 v5983 L3 Argument expansion
L3 Module: l3tl 2015/09/29 v6121 L3 Token lists
L3 Module: l3str 2016/01/03 v6357 L3 Strings
L3 Module: l3seq 2015/08/05 v5777 L3 Sequences and stacks
L3 Module: l3int 2016/01/05 v6366 L3 Integers
\c_max_int=\count95
\l_tmpa_int=\count96
\l_tmpb_int=\count97
\g_tmpa_int=\count98
\g_tmpb_int=\count99
L3 Module: l3quark 2015/08/17 v5855 L3 Quarks
L3 Module: l3prg 2015/11/01 v6216 L3 Control structures
\g__prg_map_int=\count100
L3 Module: l3clist 2015/09/02 v5901 L3 Comma separated lists
L3 Module: l3token 2015/11/11 v6249 L3 Experimental token manipulation
L3 Module: l3prop 2016/01/05 v6366 L3 Property lists
L3 Module: l3msg 2015/09/28 v6113 L3 Messages
L3 Module: l3file 2015/12/03 v6317 L3 File and I/O operations
\l_iow_line_count_int=\count101
\l__iow_target_count_int=\count102
\l__iow_current_line_int=\count103
\l__iow_current_word_int=\count104
\l__iow_current_indentation_int=\count105
L3 Module: l3skip 2016/01/05 v6366 L3 Dimensions and skips
\c_zero_dim=\dimen112
\c_max_dim=\dimen113
\l_tmpa_dim=\dimen114
\l_tmpb_dim=\dimen115
\g_tmpa_dim=\dimen116
\g_tmpb_dim=\dimen117
\c_zero_skip=\skip43
\c_max_skip=\skip44
\l_tmpa_skip=\skip45
\l_tmpb_skip=\skip46
\g_tmpa_skip=\skip47
\g_tmpb_skip=\skip48
\c_zero_muskip=\muskip10
\c_max_muskip=\muskip11
\l_tmpa_muskip=\muskip12
\l_tmpb_muskip=\muskip13
\g_tmpa_muskip=\muskip14
\g_tmpb_muskip=\muskip15
L3 Module: l3keys 2015/11/17 v6284 L3 Key-value interfaces
\g__keyval_level_int=\count106
\l_keys_choice_int=\count107
L3 Module: l3fp 2015/08/25 v5890 L3 Floating points
\c__fp_leading_shift_int=\count108
\c__fp_middle_shift_int=\count109
\c__fp_trailing_shift_int=\count110
\c__fp_big_leading_shift_int=\count111
\c__fp_big_middle_shift_int=\count112
\c__fp_big_trailing_shift_int=\count113
\c__fp_Bigg_leading_shift_int=\count114
\c__fp_Bigg_middle_shift_int=\count115
\c__fp_Bigg_trailing_shift_int=\count116
L3 Module: l3box 2015/08/09 v5822 L3 Experimental boxes
\c_empty_box=\box26
\l_tmpa_box=\box27
\l_tmpb_box=\box28
\g_tmpa_box=\box29
\g_tmpb_box=\box30
L3 Module: l3coffins 2015/08/06 v5789 L3 Coffin code layer
\l__coffin_internal_box=\box31
\l__coffin_internal_dim=\dimen118
\l__coffin_offset_x_dim=\dimen119
\l__coffin_offset_y_dim=\dimen120
\l__coffin_x_dim=\dimen121
\l__coffin_y_dim=\dimen122
\l__coffin_x_prime_dim=\dimen123
\l__coffin_y_prime_dim=\dimen124
\c_empty_coffin=\box32
\l__coffin_aligned_coffin=\box33
\l__coffin_aligned_internal_coffin=\box34
\l_tmpa_coffin=\box35
\l_tmpb_coffin=\box36
\l__coffin_display_coffin=\box37
\l__coffin_display_coord_coffin=\box38
\l__coffin_display_pole_coffin=\box39
\l__coffin_display_offset_dim=\dimen125
\l__coffin_display_x_dim=\dimen126
\l__coffin_display_y_dim=\dimen127
L3 Module: l3color 2014/08/23 v5354 L3 Experimental color support
L3 Module: l3sys 2015/09/25 v6087 L3 Experimental system/runtime functions
L3 Module: l3candidates 2016/01/14 v6376 L3 Experimental additions to l3kernel
\l__box_top_dim=\dimen128
\l__box_bottom_dim=\dimen129
\l__box_left_dim=\dimen130
\l__box_right_dim=\dimen131
\l__box_top_new_dim=\dimen132
\l__box_bottom_new_dim=\dimen133
\l__box_left_new_dim=\dimen134
\l__box_right_new_dim=\dimen135
\l__box_internal_box=\box40
\l__coffin_bounding_shift_dim=\dimen136
\l__coffin_left_corner_dim=\dimen137
\l__coffin_right_corner_dim=\dimen138
\l__coffin_bottom_corner_dim=\dimen139
\l__coffin_top_corner_dim=\dimen140
\l__coffin_scaled_total_height_dim=\dimen141
\l__coffin_scaled_width_dim=\dimen142
L3 Module: l3luatex 2015/11/11 v6250 L3 Experimental LuaTeX-specific functions
)
(/usr/share/texlive/texmf-dist/tex/latex/l3kernel/l3pdfmode.def
File: l3pdfmode.def 2015/11/11 v6250 L3 Experimental driver: PDF mode
\l__driver_color_stack_int=\count117
))
(/usr/share/texlive/texmf-dist/tex/latex/l3packages/xparse/xparse.sty
Package: xparse 2016/01/19 v6377 L3 Experimental document command parser
\l__xparse_current_arg_int=\count118
\l__xparse_m_args_int=\count119
\l__xparse_mandatory_args_int=\count120
\l__xparse_processor_int=\count121
\l__xparse_v_nesting_int=\count122
)
Package: fontspec 2016/02/01 v2.5a Font selection for XeLaTeX and LuaLaTeX

(/usr/share/texlive/texmf-dist/tex/luatex/luaotfload/luaotfload.sty
Package: luaotfload 2015/12/09 v2.6 OpenType layout system
Lua module: luaotfload-main 2015/12/09 2.60001 OpenType layout system.
Lua module: lualibs 2015-12-02 2.3 ConTeXt Lua standard libraries.
Lua module: lualibs-extended 2015-12-02 2.3 ConTeXt Lua libraries -- extended co
llection.(using write cache: /home/efi/.texmf-var/luatex-cache/generic)(using re
ad cache: /var/lib/texmf/luatex-cache/generic /home/efi/.texmf-var/luatex-cache/
generic)
luaotfload | conf : Root cache directory is /home/efi/.texmf-var/luatex-cache/ge
neric/names.
luaotfload | init : Loading fontloader “fontloader-2016-02-12.lua” from kpse
-resolved path “/usr/share/texlive/texmf-dist/tex/luatex/luaotfload/fontloader
-2016-02-12.lua”.
Lua-only attribute luaotfload@state = 1
Lua-only attribute luaotfload@cursbase = 2
Lua-only attribute luaotfload@noligature = 3
luaotfload | init : Context OpenType loader version “2.82”
Inserting `luaotfload.node_processor' at position 1 in `pre_linebreak_filter'.
Inserting `luaotfload.node_processor' at position 1 in `hpack_filter'.
Inserting `luaotfload.define_font' at position 1 in `define_font'.
Lua-only attribute luaotfload_color_attribute = 4
luaotfload | conf : Root cache directory is /home/efi/.texmf-var/luatex-cache/ge
neric/names.
Inserting `luaotfload.aux.set_sscale_dimens' at position 1 in `luaotfload.patch_
font'.
Inserting `luaotfload.aux.patch_cambria_domh' at position 2 in `luaotfload.patch
_font'.
Inserting `luaotfload.aux.fixup_fontdata' at position 1 in `luaotfload.patch_fon
t_unsafe'.
Inserting `luaotfload.aux.set_capheight' at position 3 in `luaotfload.patch_font
'.
Inserting `luaotfload.rewrite_fontname' at position 4 in `luaotfload.patch_font'
.
luaotfload | main : initialization completed in 0.039 seconds)
Lua module: fontspec 2016/02/01 2.5a Advanced font selection for LuaLaTeX.
(/usr/share/texlive/texmf-dist/tex/latex/fontspec/fontspec-luatex.sty
Package: fontspec-luatex 2016/02/01 v2.5a Font selection for XeLaTeX and LuaLaTe
X
\l_fontspec_script_int=\count123
\l_fontspec_language_int=\count124
\l_fontspec_strnum_int=\count125
\l__fontspec_tmpa_dim=\dimen143
\l__fontspec_tmpb_dim=\dimen144
\l__fontspec_tmpc_dim=\dimen145
\g__file_internal_ior=\read1

(/usr/share/texlive/texmf-dist/tex/latex/base/fontenc.sty
Package: fontenc 2005/09/27 v1.99g Standard LaTeX package

(/usr/share/texlive/texmf-dist/tex/latex/euenc/eu2enc.def
File: eu2enc.def 2010/05/27 v0.1h Experimental Unicode font encodings
)
LaTeX Font Info:    Try loading font information for EU2+lmr on input line 105.

(/usr/share/texlive/texmf-dist/tex/latex/euenc/eu2lmr.fd
File: eu2lmr.fd 2009/10/30 v1.6 Font defs for Latin Modern
)
luaotfload | db : Font names database loaded from /home/efi/.texmf-var/luatex-ca
che/generic/names/luaotfload-names.luc(compiling luc: /var/lib/texmf/luatex-cach
e/generic/fonts/otf/lmroman10-regular.luc)(load luc: /home/efi/.texmf-var/luatex
-cache/generic/fonts/otf/lmroman10-regular.luc))(compiling luc: /var/lib/texmf/l
uatex-cache/generic/fonts/otf/lmroman12-regular.luc)(load luc: /home/efi/.texmf-
var/luatex-cache/generic/fonts/otf/lmroman12-regular.luc)
(/usr/share/texlive/texmf-dist/tex/xelatex/xunicode/xunicode.sty
File: xunicode.sty 2011/09/09 v0.981 provides access to latin accents and many o
ther characters in Unicode lower plane

(/usr/share/texmf/tex/latex/tipa/t3enc.def
File: t3enc.def 2001/12/31 T3 encoding
(compiling luc: /var/lib/texmf/luatex-cache/generic/fonts/otf/lmromanslant12-reg
ular.luc)(load luc: /home/efi/.texmf-var/luatex-cache/generic/fonts/otf/lmromans
lant12-regular.luc)(compiling luc: /var/lib/texmf/luatex-cache/generic/fonts/otf
/lmroman12-italic.luc)(load luc: /home/efi/.texmf-var/luatex-cache/generic/fonts
/otf/lmroman12-italic.luc)(compiling luc: /var/lib/texmf/luatex-cache/generic/fo
nts/otf/lmroman12-bold.luc)(load luc: /home/efi/.texmf-var/luatex-cache/generic/
fonts/otf/lmroman12-bold.luc)
LaTeX Font Info:    Try loading font information for EU2+lmss on input line 357.


(/usr/share/texlive/texmf-dist/tex/latex/euenc/eu2lmss.fd
File: eu2lmss.fd 2009/10/30 v1.6 Font defs for Latin Modern
)(compiling luc: /var/lib/texmf/luatex-cache/generic/fonts/otf/lmsans12-regular.
luc)(load luc: /home/efi/.texmf-var/luatex-cache/generic/fonts/otf/lmsans12-regu
lar.luc))
\tipaTiiicode=\count126
\tipasavetokens=\toks16
\tipachecktokens=\toks17

(/usr/share/texlive/texmf-dist/tex/latex/graphics/graphicx.sty
Package: graphicx 2014/10/28 v1.0g Enhanced LaTeX Graphics (DPC,SPQR)

(/usr/share/texlive/texmf-dist/tex/latex/graphics/graphics.sty
Package: graphics 2016/01/03 v1.0q Standard LaTeX Graphics (DPC,SPQR)

(/usr/share/texlive/texmf-dist/tex/latex/graphics/trig.sty
Package: trig 2016/01/03 v1.10 sin cos tan (DPC)
)
(/usr/share/texlive/texmf-dist/tex/latex/latexconfig/graphics.cfg
File: graphics.cfg 2010/04/23 v1.9 graphics configuration of TeX Live
)
Package graphics Info: Driver file: pdftex.def on input line 95.

(/usr/share/texlive/texmf-dist/tex/latex/pdftex-def/pdftex.def
File: pdftex.def 2011/05/27 v0.06d Graphics/color for pdfTeX

(/usr/share/texlive/texmf-dist/tex/generic/oberdiek/infwarerr.sty
Package: infwarerr 2010/04/08 v1.3 Providing info/warning/error messages (HO)
)
(/usr/share/texlive/texmf-dist/tex/generic/oberdiek/ltxcmds.sty
Package: ltxcmds 2011/11/09 v1.22 LaTeX kernel commands for general use (HO)
)
\Gread@gobject=\count127
))
\Gin@req@height=\dimen146
\Gin@req@width=\dimen147
))
.................................................
. LaTeX info: "xparse/define-command"
. 
. Defining command \__fontspec_post_arg:w with sig. 'mmO{}' on line 356.
.................................................
.................................................
. LaTeX info: "xparse/define-command"
. 
. Defining command \fontspec with sig. 'om' on line 358.
.................................................
.................................................
. LaTeX info: "xparse/define-command"
. 
. Defining command \setmainfont with sig. 'om' on line 368.
.................................................
.................................................
. LaTeX info: "xparse/define-command"
. 
. Defining command \setsansfont with sig. 'om' on line 378.
.................................................
.................................................
. LaTeX info: "xparse/define-command"
. 
. Defining command \setmonofont with sig. 'om' on line 388.
.................................................
.................................................
. LaTeX info: "xparse/define-command"
. 
. Defining command \setmathrm with sig. 'om' on line 402.
.................................................
.................................................
. LaTeX info: "xparse/define-command"
. 
. Defining command \setboldmathrm with sig. 'om' on line 410.
.................................................
.................................................
. LaTeX info: "xparse/define-command"
. 
. Defining command \setmathsf with sig. 'om' on line 418.
.................................................
.................................................
. LaTeX info: "xparse/define-command"
. 
. Defining command \setmathtt with sig. 'om' on line 426.
.................................................
.................................................
. LaTeX info: "xparse/define-command"
. 
. Defining command \newfontfamily with sig. 'mom' on line 440.
.................................................
.................................................
. LaTeX info: "xparse/define-command"
. 
. Defining command \newfontface with sig. 'mom' on line 456.
.................................................
.................................................
. LaTeX info: "xparse/define-command"
. 
. Defining command \defaultfontfeatures with sig. 't+om' on line 470.
.................................................
.................................................
. LaTeX info: "xparse/define-command"
. 
. Defining command \addfontfeatures with sig. 'm' on line 533.
.................................................
.................................................
. LaTeX info: "xparse/define-command"
. 
. Defining command \newfontfeature with sig. 'mm' on line 544.
.................................................
.................................................
. LaTeX info: "xparse/define-command"
. 
. Defining command \newAATfeature with sig. 'mmmm' on line 552.
.................................................
.................................................
. LaTeX info: "xparse/define-command"
. 
. Defining command \newopentypefeature with sig. 'mmm' on line 560.
.................................................
.................................................
. LaTeX info: "xparse/define-command"
. 
. Defining command \aliasfontfeature with sig. 'mm' on line 581.
.................................................
.................................................
. LaTeX info: "xparse/define-command"
. 
. Defining command \aliasfontfeatureoption with sig. 'mmm' on line 590.
.................................................
.................................................
. LaTeX info: "xparse/define-command"
. 
. Defining command \newfontscript with sig. 'mm' on line 594.
.................................................
.................................................
. LaTeX info: "xparse/define-command"
. 
. Defining command \newfontlanguage with sig. 'mm' on line 598.
.................................................
.................................................
. LaTeX info: "xparse/define-command"
. 
. Defining command \DeclareFontsExtensions with sig. 'm' on line 603.
.................................................
\l__fontspec_tmp_int=\count128

(/usr/share/texlive/texmf-dist/tex/latex/fontspec/fontspec.cfg)
LaTeX Info: Redefining \itshape on input line 2629.
LaTeX Info: Redefining \slshape on input line 2634.
LaTeX Info: Redefining \scshape on input line 2639.
LaTeX Info: Redefining \upshape on input line 2644.
\l__fontspec_em_int=\count129
\l__fontspec_emdef_int=\count130
LaTeX Info: Redefining \em on input line 2660.
LaTeX Info: Redefining \emph on input line 2666.
LaTeX Info: Redefining \- on input line 2670.
.................................................
. LaTeX info: "xparse/redefine-command"
. 
. Redefining command \oldstylenums with sig. 'm' on line 2765.
.................................................
.................................................
. LaTeX info: "xparse/define-command"
. 
. Defining command \liningnums with sig. 'm' on line 2769.
.................................................
)))
(/usr/share/texlive/texmf-dist/tex/latex/xcolor/xcolor.sty
Package: xcolor 2007/01/21 v2.11 LaTeX color extensions (UK)

(/usr/share/texlive/texmf-dist/tex/latex/latexconfig/color.cfg
File: color.cfg 2007/01/18 v1.5 color configuration of teTeX/TeXLive
)
Package xcolor Info: Driver file: pdftex.def on input line 225.

(/usr/share/texlive/texmf-dist/tex/latex/colortbl/colortbl.sty
Package: colortbl 2012/02/13 v1.0a Color table columns (DPC)

(/usr/share/texlive/texmf-dist/tex/latex/tools/array.sty
Package: array 2014/10/28 v2.4c Tabular extension package (FMi)
\col@sep=\dimen148
\extrarowheight=\dimen149
\NC@list=\toks18
\extratabsurround=\skip49
\backup@length=\skip50
)
\everycr=\toks19
\minrowclearance=\skip51
)
\rownum=\count131
Package xcolor Info: Model `cmy' substituted by `cmy0' on input line 1337.
Package xcolor Info: Model `hsb' substituted by `rgb' on input line 1341.
Package xcolor Info: Model `RGB' extended on input line 1353.
Package xcolor Info: Model `HTML' substituted by `rgb' on input line 1355.
Package xcolor Info: Model `Hsb' substituted by `hsb' on input line 1356.
Package xcolor Info: Model `tHsb' substituted by `hsb' on input line 1357.
Package xcolor Info: Model `HSB' substituted by `hsb' on input line 1358.
Package xcolor Info: Model `Gray' substituted by `gray' on input line 1359.
Package xcolor Info: Model `wave' substituted by `hsb' on input line 1360.
)
(/usr/share/texlive/texmf-dist/tex/latex/libertine/libertine.sty
Package: libertine 2014/11/25 (Bob Tennent) Supports Libertine and Biolinum font
s for all LaTeX engines.

(/usr/share/texlive/texmf-dist/tex/latex/xkeyval/xkeyval.sty
Package: xkeyval 2014/12/03 v2.7a package option processing (HA)

(/usr/share/texlive/texmf-dist/tex/generic/xkeyval/xkeyval.tex
(/usr/share/texlive/texmf-dist/tex/generic/xkeyval/xkvutils.tex
\XKV@toks=\toks20
\XKV@tempa@toks=\toks21
)
\XKV@depth=\count132
File: xkeyval.tex 2014/12/03 v2.7a key=value parser (HA)
))
(/usr/share/texlive/texmf-dist/tex/latex/base/textcomp.sty
Package: textcomp 2005/09/27 v1.99g Standard LaTeX package
Package textcomp Info: Sub-encoding information:
(textcomp)               5 = only ISO-Adobe without \textcurrency
(textcomp)               4 = 5 + \texteuro
(textcomp)               3 = 4 + \textohm
(textcomp)               2 = 3 + \textestimated + \textcurrency
(textcomp)               1 = TS1 - \textcircled - \t
(textcomp)               0 = TS1 (full)
(textcomp)             Font families with sub-encoding setting implement
(textcomp)             only a restricted character set as indicated.
(textcomp)             Family '?' is the default used for unknown fonts.
(textcomp)             See the documentation for details.
Package textcomp Info: Setting ? sub-encoding to TS1/1 on input line 79.

(/usr/share/texlive/texmf-dist/tex/latex/base/ts1enc.def
File: ts1enc.def 2001/06/05 v3.0e (jk/car/fm) Standard LaTeX file
)
LaTeX Info: Redefining \oldstylenums on input line 334.
Package textcomp Info: Setting cmr sub-encoding to TS1/0 on input line 349.
Package textcomp Info: Setting cmss sub-encoding to TS1/0 on input line 350.
Package textcomp Info: Setting cmtt sub-encoding to TS1/0 on input line 351.
Package textcomp Info: Setting cmvtt sub-encoding to TS1/0 on input line 352.
Package textcomp Info: Setting cmbr sub-encoding to TS1/0 on input line 353.
Package textcomp Info: Setting cmtl sub-encoding to TS1/0 on input line 354.
Package textcomp Info: Setting ccr sub-encoding to TS1/0 on input line 355.
Package textcomp Info: Setting ptm sub-encoding to TS1/4 on input line 356.
Package textcomp Info: Setting pcr sub-encoding to TS1/4 on input line 357.
Package textcomp Info: Setting phv sub-encoding to TS1/4 on input line 358.
Package textcomp Info: Setting ppl sub-encoding to TS1/3 on input line 359.
Package textcomp Info: Setting pag sub-encoding to TS1/4 on input line 360.
Package textcomp Info: Setting pbk sub-encoding to TS1/4 on input line 361.
Package textcomp Info: Setting pnc sub-encoding to TS1/4 on input line 362.
Package textcomp Info: Setting pzc sub-encoding to TS1/4 on input line 363.
Package textcomp Info: Setting bch sub-encoding to TS1/4 on input line 364.
Package textcomp Info: Setting put sub-encoding to TS1/5 on input line 365.
Package textcomp Info: Setting uag sub-encoding to TS1/5 on input line 366.
Package textcomp Info: Setting ugq sub-encoding to TS1/5 on input line 367.
Package textcomp Info: Setting ul8 sub-encoding to TS1/4 on input line 368.
Package textcomp Info: Setting ul9 sub-encoding to TS1/4 on input line 369.
Package textcomp Info: Setting augie sub-encoding to TS1/5 on input line 370.
Package textcomp Info: Setting dayrom sub-encoding to TS1/3 on input line 371.
Package textcomp Info: Setting dayroms sub-encoding to TS1/3 on input line 372.
Package textcomp Info: Setting pxr sub-encoding to TS1/0 on input line 373.
Package textcomp Info: Setting pxss sub-encoding to TS1/0 on input line 374.
Package textcomp Info: Setting pxtt sub-encoding to TS1/0 on input line 375.
Package textcomp Info: Setting txr sub-encoding to TS1/0 on input line 376.
Package textcomp Info: Setting txss sub-encoding to TS1/0 on input line 377.
Package textcomp Info: Setting txtt sub-encoding to TS1/0 on input line 378.
Package textcomp Info: Setting lmr sub-encoding to TS1/0 on input line 379.
Package textcomp Info: Setting lmdh sub-encoding to TS1/0 on input line 380.
Package textcomp Info: Setting lmss sub-encoding to TS1/0 on input line 381.
Package textcomp Info: Setting lmssq sub-encoding to TS1/0 on input line 382.
Package textcomp Info: Setting lmvtt sub-encoding to TS1/0 on input line 383.
Package textcomp Info: Setting lmtt sub-encoding to TS1/0 on input line 384.
Package textcomp Info: Setting qhv sub-encoding to TS1/0 on input line 385.
Package textcomp Info: Setting qag sub-encoding to TS1/0 on input line 386.
Package textcomp Info: Setting qbk sub-encoding to TS1/0 on input line 387.
Package textcomp Info: Setting qcr sub-encoding to TS1/0 on input line 388.
Package textcomp Info: Setting qcs sub-encoding to TS1/0 on input line 389.
Package textcomp Info: Setting qpl sub-encoding to TS1/0 on input line 390.
Package textcomp Info: Setting qtm sub-encoding to TS1/0 on input line 391.
Package textcomp Info: Setting qzc sub-encoding to TS1/0 on input line 392.
Package textcomp Info: Setting qhvc sub-encoding to TS1/0 on input line 393.
Package textcomp Info: Setting futs sub-encoding to TS1/4 on input line 394.
Package textcomp Info: Setting futx sub-encoding to TS1/4 on input line 395.
Package textcomp Info: Setting futj sub-encoding to TS1/4 on input line 396.
Package textcomp Info: Setting hlh sub-encoding to TS1/3 on input line 397.
Package textcomp Info: Setting hls sub-encoding to TS1/3 on input line 398.
Package textcomp Info: Setting hlst sub-encoding to TS1/3 on input line 399.
Package textcomp Info: Setting hlct sub-encoding to TS1/5 on input line 400.
Package textcomp Info: Setting hlx sub-encoding to TS1/5 on input line 401.
Package textcomp Info: Setting hlce sub-encoding to TS1/5 on input line 402.
Package textcomp Info: Setting hlcn sub-encoding to TS1/5 on input line 403.
Package textcomp Info: Setting hlcw sub-encoding to TS1/5 on input line 404.
Package textcomp Info: Setting hlcf sub-encoding to TS1/5 on input line 405.
Package textcomp Info: Setting pplx sub-encoding to TS1/3 on input line 406.
Package textcomp Info: Setting pplj sub-encoding to TS1/3 on input line 407.
Package textcomp Info: Setting ptmx sub-encoding to TS1/4 on input line 408.
Package textcomp Info: Setting ptmj sub-encoding to TS1/4 on input line 409.
)
luaotfload | load : path lookup of "LinLibertine_R.otf" unsuccessful, falling ba
ck to file:(compiling luc: /var/lib/texmf/luatex-cache/generic/fonts/otf/linlibe
rtine-r.luc)(load luc: /home/efi/.texmf-var/luatex-cache/generic/fonts/otf/linli
bertine-r.luc)
luaotfload | load : path lookup of "LinLibertine_R.otf" unsuccessful, falling ba
ck to file:
\g__fontspec_family_LinLibertine_int=\count133
luaotfload | load : path lookup of "LinLibertine_R.otf" unsuccessful, falling ba
ck to file:
luaotfload | load : path lookup of "LinLibertine_R.otf" unsuccessful, falling ba
ck to file:
luaotfload | load : path lookup of "LinLibertine_RB.otf" unsuccessful, falling b
ack to file:(compiling luc: /var/lib/texmf/luatex-cache/generic/fonts/otf/linlib
ertine-rb.luc)(load luc: /home/efi/.texmf-var/luatex-cache/generic/fonts/otf/lin
libertine-rb.luc)
luaotfload | load : path lookup of "LinLibertine_RB.otf" unsuccessful, falling b
ack to file:
luaotfload | load : path lookup of "LinLibertine_RI.otf" unsuccessful, falling b
ack to file:(compiling luc: /var/lib/texmf/luatex-cache/generic/fonts/otf/linlib
ertine-ri.luc)(load luc: /home/efi/.texmf-var/luatex-cache/generic/fonts/otf/lin
libertine-ri.luc)
luaotfload | load : path lookup of "LinLibertine_RI.otf" unsuccessful, falling b
ack to file:
luaotfload | load : path lookup of "LinLibertine_RBI.otf" unsuccessful, falling 
back to file:(compiling luc: /var/lib/texmf/luatex-cache/generic/fonts/otf/linli
bertine-rbi.luc)(load luc: /home/efi/.texmf-var/luatex-cache/generic/fonts/otf/l
inlibertine-rbi.luc)
luaotfload | load : path lookup of "LinLibertine_RBI.otf" unsuccessful, falling 
back to file:
.................................................
. fontspec info: "defining-font"
. 
. Font family 'LinLibertine(0)' created for font 'LinLibertine' with options
. [Ligatures = TeX,Extension =
. .otf,SmallCapsFeatures={Letters=SmallCaps,Renderer=Basic},Ligatures=TeX,Number
s
. = {Monospaced,Lining},UprightFont = *_R,ItalicFont = *_RI,BoldFont =
. *_RB,BoldItalicFont = *_RBI].
. 
. This font family consists of the following NFSS series/shapes:
. - 'normal' (m/n) with NFSS spec.:
. <->"[LinLibertine_R.otf]:mode=node;script=latn;language=DFLT;+tlig;+tlig;+tnum
;+lnum;"
. - 'small caps'  (m/sc) with NFSS spec.:
. <->"[LinLibertine_R.otf]:mode=base;script=latn;language=DFLT;+tlig;+tlig;+tnum
;+lnum;+smcp;+smcp;"-
. 'bold' (bx/n) with NFSS spec.:
. <->"[LinLibertine_RB.otf]:mode=node;script=latn;language=DFLT;+tlig;+tlig;+tnu
m;+lnum;"
. - 'bold small caps'  (bx/sc) with NFSS spec.:
. <->"[LinLibertine_RB.otf]:mode=base;script=latn;language=DFLT;+tlig;+tlig;+tnu
m;+lnum;+smcp;+smcp;"-
. 'italic' (m/it) with NFSS spec.:
. <->"[LinLibertine_RI.otf]:mode=node;script=latn;language=DFLT;+tlig;+tlig;+tnu
m;+lnum;"
. - 'italic small caps'  (m/itsc) with NFSS spec.:
. <->"[LinLibertine_RI.otf]:mode=base;script=latn;language=DFLT;+tlig;+tlig;+tnu
m;+lnum;+smcp;+smcp;"-
. 'bold italic' (bx/it) with NFSS spec.:
. <->"[LinLibertine_RBI.otf]:mode=node;script=latn;language=DFLT;+tlig;+tlig;+tn
um;+lnum;"
. - 'bold italic small caps'  (bx/itsc) with NFSS spec.:
. <->"[LinLibertine_RBI.otf]:mode=base;script=latn;language=DFLT;+tlig;+tlig;+tn
um;+lnum;+smcp;+smcp;"
.................................................
luaotfload | load : path lookup of "LinLibertine_R.otf" unsuccessful, falling ba
ck to file:
luaotfload | load : path lookup of "LinBiolinum_R.otf" unsuccessful, falling bac
k to file:(compiling luc: /var/lib/texmf/luatex-cache/generic/fonts/otf/linbioli
num-r.luc)(load luc: /home/efi/.texmf-var/luatex-cache/generic/fonts/otf/linbiol
inum-r.luc)
luaotfload | load : path lookup of "LinBiolinum_R.otf" unsuccessful, falling bac
k to file:
\g__fontspec_family_LinBiolinum_int=\count134
luaotfload | load : path lookup of "LinBiolinum_R.otf" unsuccessful, falling bac
k to file:
luaotfload | load : path lookup of "LinBiolinum_R.otf" unsuccessful, falling bac
k to file:
luaotfload | load : path lookup of "LinBiolinum_RB.otf" unsuccessful, falling ba
ck to file:(compiling luc: /var/lib/texmf/luatex-cache/generic/fonts/otf/linbiol
inum-rb.luc)(load luc: /home/efi/.texmf-var/luatex-cache/generic/fonts/otf/linbi
olinum-rb.luc)
luaotfload | load : path lookup of "LinBiolinum_RB.otf" unsuccessful, falling ba
ck to file:
luaotfload | load : path lookup of "LinBiolinum_RI.otf" unsuccessful, falling ba
ck to file:(compiling luc: /var/lib/texmf/luatex-cache/generic/fonts/otf/linbiol
inum-ri.luc)(load luc: /home/efi/.texmf-var/luatex-cache/generic/fonts/otf/linbi
olinum-ri.luc)
luaotfload | load : path lookup of "LinBiolinum_RI.otf" unsuccessful, falling ba
ck to file:
luaotfload | load : path lookup of "LinBiolinum_RBO.otf" unsuccessful, falling b
ack to file:(compiling luc: /var/lib/texmf/luatex-cache/generic/fonts/otf/linbio
linum-rbo.luc)(load luc: /home/efi/.texmf-var/luatex-cache/generic/fonts/otf/lin
biolinum-rbo.luc)
luaotfload | load : path lookup of "LinBiolinum_RBO.otf" unsuccessful, falling b
ack to file:
.................................................
. fontspec info: "defining-font"
. 
. Font family 'LinBiolinum(0)' created for font 'LinBiolinum' with options
. [Ligatures = TeX,Extension =
. .otf,SmallCapsFeatures={Letters=SmallCaps,Renderer=Basic},Ligatures=TeX,Number
s
. = {Monospaced, },Scale = 1,UprightFont = *_R,ItalicFont = *_RI,BoldFont =
. *_RB,BoldItalicFont = *_RBO].
. 
. This font family consists of the following NFSS series/shapes:
. - 'normal' (m/n) with NFSS spec.:
. <->s*[1]"[LinBiolinum_R.otf]:mode=node;script=latn;language=DFLT;+tlig;+tlig;+
tnum;"
. - 'small caps'  (m/sc) with NFSS spec.:
. <->s*[1]"[LinBiolinum_R.otf]:mode=base;script=latn;language=DFLT;+tlig;+tlig;+
tnum;+smcp;+smcp;"-
. 'bold' (bx/n) with NFSS spec.:
. <->s*[1]"[LinBiolinum_RB.otf]:mode=node;script=latn;language=DFLT;+tlig;+tlig;
+tnum;"
. - 'bold small caps'  (bx/sc) with NFSS spec.:
. <->s*[1]"[LinBiolinum_RB.otf]:mode=base;script=latn;language=DFLT;+tlig;+tlig;
+tnum;+smcp;+smcp;"-
. 'italic' (m/it) with NFSS spec.:
. <->s*[1]"[LinBiolinum_RI.otf]:mode=node;script=latn;language=DFLT;+tlig;+tlig;
+tnum;"
. - 'italic small caps'  (m/itsc) with NFSS spec.:
. <->s*[1]"[LinBiolinum_RI.otf]:mode=base;script=latn;language=DFLT;+tlig;+tlig;
+tnum;+smcp;+smcp;"-
. 'bold italic' (bx/it) with NFSS spec.:
. <->s*[1]"[LinBiolinum_RBO.otf]:mode=node;script=latn;language=DFLT;+tlig;+tlig
;+tnum;"
. - 'bold italic small caps'  (bx/itsc) with NFSS spec.:
. <->s*[1]"[LinBiolinum_RBO.otf]:mode=base;script=latn;language=DFLT;+tlig;+tlig
;+tnum;+smcp;+smcp;"
.................................................
luaotfload | load : path lookup of "LinLibertine_R.otf" unsuccessful, falling ba
ck to file:
luaotfload | load : path lookup of "LinLibertine_R.otf" unsuccessful, falling ba
ck to file:
luaotfload | load : path lookup of "LinLibertine_R.otf" unsuccessful, falling ba
ck to file:
luaotfload | load : path lookup of "LinLibertine_R.otf" unsuccessful, falling ba
ck to file:
luaotfload | load : path lookup of "LinLibertine_RB.otf" unsuccessful, falling b
ack to file:
luaotfload | load : path lookup of "LinLibertine_RB.otf" unsuccessful, falling b
ack to file:
luaotfload | load : path lookup of "LinLibertine_RI.otf" unsuccessful, falling b
ack to file:
luaotfload | load : path lookup of "LinLibertine_RI.otf" unsuccessful, falling b
ack to file:
luaotfload | load : path lookup of "LinLibertine_RBI.otf" unsuccessful, falling 
back to file:
luaotfload | load : path lookup of "LinLibertine_RBI.otf" unsuccessful, falling 
back to file:
.................................................
. fontspec info: "defining-font"
. 
. Font family 'LinLibertine(1)' created for font 'LinLibertine' with options
. [Ligatures = TeX,Extension =
. .otf,SmallCapsFeatures={Letters=SmallCaps,Renderer=Basic},Numbers =
. {Monospaced,Lining},UprightFont = *_R,ItalicFont = *_RI,BoldFont =
. *_RB,BoldItalicFont = *_RBI].
. 
. This font family consists of the following NFSS series/shapes:
. - 'normal' (m/n) with NFSS spec.:
. <->"[LinLibertine_R.otf]:mode=node;script=latn;language=DFLT;+tlig;+tnum;+lnum
;"
. - 'small caps'  (m/sc) with NFSS spec.:
. <->"[LinLibertine_R.otf]:mode=base;script=latn;language=DFLT;+tlig;+tnum;+lnum
;+smcp;+smcp;"-
. 'bold' (bx/n) with NFSS spec.:
. <->"[LinLibertine_RB.otf]:mode=node;script=latn;language=DFLT;+tlig;+tnum;+lnu
m;"
. - 'bold small caps'  (bx/sc) with NFSS spec.:
. <->"[LinLibertine_RB.otf]:mode=base;script=latn;language=DFLT;+tlig;+tnum;+lnu
m;+smcp;+smcp;"-
. 'italic' (m/it) with NFSS spec.:
. <->"[LinLibertine_RI.otf]:mode=node;script=latn;language=DFLT;+tlig;+tnum;+lnu
m;"
. - 'italic small caps'  (m/itsc) with NFSS spec.:
. <->"[LinLibertine_RI.otf]:mode=base;script=latn;language=DFLT;+tlig;+tnum;+lnu
m;+smcp;+smcp;"-
. 'bold italic' (bx/it) with NFSS spec.:
. <->"[LinLibertine_RBI.otf]:mode=node;script=latn;language=DFLT;+tlig;+tnum;+ln
um;"
. - 'bold italic small caps'  (bx/itsc) with NFSS spec.:
. <->"[LinLibertine_RBI.otf]:mode=base;script=latn;language=DFLT;+tlig;+tnum;+ln
um;+smcp;+smcp;"
.................................................
luaotfload | load : path lookup of "LinLibertine_RZ.otf" unsuccessful, falling b
ack to file:(compiling luc: /var/lib/texmf/luatex-cache/generic/fonts/otf/linlib
ertine-rz.luc)(load luc: /home/efi/.texmf-var/luatex-cache/generic/fonts/otf/lin
libertine-rz.luc)
luaotfload | load : path lookup of "LinLibertine_RZ.otf" unsuccessful, falling b
ack to file:
luaotfload | load : path lookup of "LinLibertine_RZ.otf" unsuccessful, falling b
ack to file:
luaotfload | load : path lookup of "LinLibertine_RZ.otf" unsuccessful, falling b
ack to file:
luaotfload | load : path lookup of "LinLibertine_RB.otf" unsuccessful, falling b
ack to file:
luaotfload | load : path lookup of "LinLibertine_RB.otf" unsuccessful, falling b
ack to file:
luaotfload | load : path lookup of "LinLibertine_RZI.otf" unsuccessful, falling 
back to file:(compiling luc: /var/lib/texmf/luatex-cache/generic/fonts/otf/linli
bertine-rzi.luc)(load luc: /home/efi/.texmf-var/luatex-cache/generic/fonts/otf/l
inlibertine-rzi.luc)
luaotfload | load : path lookup of "LinLibertine_RZI.otf" unsuccessful, falling 
back to file:
luaotfload | aux : font no 32 (LinLibertineOZI) does not define feature tnum for
 script latn with language dflt
luaotfload | aux : no font with id 32
*************************************************
* fontspec warning: "icu-feature-not-exist-in-font"
* 
* OpenType feature 'Numbers=Monospaced,Lining' (+tnum) not available for font
* 'LinLibertine_RZI' with script 'Latin' and language 'Default'.
*************************************************
luaotfload | aux : font no 32 (LinLibertineOZI) does not define feature tnum for
 script latn with language dflt
luaotfload | aux : no font with id 32
*************************************************
* fontspec warning: "icu-feature-not-exist-in-font"
* 
* OpenType feature 'Numbers=Monospaced,Lining' (+tnum) not available for font
* 'LinLibertine_RZI' with script 'Latin' and language 'Default'.
*************************************************
luaotfload | load : path lookup of "LinLibertine_RBI.otf" unsuccessful, falling 
back to file:
luaotfload | load : path lookup of "LinLibertine_RBI.otf" unsuccessful, falling 
back to file:
.................................................
. fontspec info: "defining-font"
. 
. Font family 'LinLibertine(2)' created for font 'LinLibertine' with options
. [Ligatures = TeX,Extension =
. .otf,SmallCapsFeatures={Letters=SmallCaps,Renderer=Basic},Numbers =
. {Monospaced,Lining},UprightFont = *_RZ,ItalicFont = *_RZI,BoldFont =
. *_RB,BoldItalicFont = *_RBI].
. 
. This font family consists of the following NFSS series/shapes:
. - 'normal' (m/n) with NFSS spec.:
. <->"[LinLibertine_RZ.otf]:mode=node;script=latn;language=DFLT;+tlig;+tnum;+lnu
m;"
. - 'small caps'  (m/sc) with NFSS spec.:
. <->"[LinLibertine_RZ.otf]:mode=base;script=latn;language=DFLT;+tlig;+tnum;+lnu
m;+smcp;+smcp;"-
. 'bold' (bx/n) with NFSS spec.:
. <->"[LinLibertine_RB.otf]:mode=node;script=latn;language=DFLT;+tlig;+tnum;+lnu
m;"
. - 'bold small caps'  (bx/sc) with NFSS spec.:
. <->"[LinLibertine_RB.otf]:mode=base;script=latn;language=DFLT;+tlig;+tnum;+lnu
m;+smcp;+smcp;"-
. 'italic' (m/it) with NFSS spec.:
. <->"[LinLibertine_RZI.otf]:mode=node;script=latn;language=DFLT;+tlig;+lnum;"
. - 'italic small caps'  (m/itsc) with NFSS spec.:
. <->"[LinLibertine_RZI.otf]:mode=base;script=latn;language=DFLT;+tlig;+lnum;+sm
cp;+smcp;"-
. 'bold italic' (bx/it) with NFSS spec.:
. <->"[LinLibertine_RBI.otf]:mode=node;script=latn;language=DFLT;+tlig;+tnum;+ln
um;"
. - 'bold italic small caps'  (bx/itsc) with NFSS spec.:
. <->"[LinLibertine_RBI.otf]:mode=base;script=latn;language=DFLT;+tlig;+tnum;+ln
um;+smcp;+smcp;"
.................................................
luaotfload | load : path lookup of "LinLibertine_R.otf" unsuccessful, falling ba
ck to file:
luaotfload | load : path lookup of "LinLibertine_R.otf" unsuccessful, falling ba
ck to file:
luaotfload | load : path lookup of "LinLibertine_R.otf" unsuccessful, falling ba
ck to file:
luaotfload | load : path lookup of "LinLibertine_R.otf" unsuccessful, falling ba
ck to file:
luaotfload | load : path lookup of "LinLibertine_RB.otf" unsuccessful, falling b
ack to file:
luaotfload | load : path lookup of "LinLibertine_RB.otf" unsuccessful, falling b
ack to file:
luaotfload | load : path lookup of "LinLibertine_RI.otf" unsuccessful, falling b
ack to file:
luaotfload | load : path lookup of "LinLibertine_RI.otf" unsuccessful, falling b
ack to file:
luaotfload | load : path lookup of "LinLibertine_RBI.otf" unsuccessful, falling 
back to file:
luaotfload | load : path lookup of "LinLibertine_RBI.otf" unsuccessful, falling 
back to file:
.................................................
. fontspec info: "defining-font"
. 
. Font family 'LinLibertine(3)' created for font 'LinLibertine' with options
. [Ligatures = TeX,Extension =
. .otf,SmallCapsFeatures={Letters=SmallCaps,Renderer=Basic},Numbers =
. {Monospaced,OldStyle},UprightFont = *_R,ItalicFont = *_RI,BoldFont =
. *_RB,BoldItalicFont = *_RBI].
. 
. This font family consists of the following NFSS series/shapes:
. - 'normal' (m/n) with NFSS spec.:
. <->"[LinLibertine_R.otf]:mode=node;script=latn;language=DFLT;+tlig;+tnum;+onum
;"
. - 'small caps'  (m/sc) with NFSS spec.:
. <->"[LinLibertine_R.otf]:mode=base;script=latn;language=DFLT;+tlig;+tnum;+onum
;+smcp;+smcp;"-
. 'bold' (bx/n) with NFSS spec.:
. <->"[LinLibertine_RB.otf]:mode=node;script=latn;language=DFLT;+tlig;+tnum;+onu
m;"
. - 'bold small caps'  (bx/sc) with NFSS spec.:
. <->"[LinLibertine_RB.otf]:mode=base;script=latn;language=DFLT;+tlig;+tnum;+onu
m;+smcp;+smcp;"-
. 'italic' (m/it) with NFSS spec.:
. <->"[LinLibertine_RI.otf]:mode=node;script=latn;language=DFLT;+tlig;+tnum;+onu
m;"
. - 'italic small caps'  (m/itsc) with NFSS spec.:
. <->"[LinLibertine_RI.otf]:mode=base;script=latn;language=DFLT;+tlig;+tnum;+onu
m;+smcp;+smcp;"-
. 'bold italic' (bx/it) with NFSS spec.:
. <->"[LinLibertine_RBI.otf]:mode=node;script=latn;language=DFLT;+tlig;+tnum;+on
um;"
. - 'bold italic small caps'  (bx/itsc) with NFSS spec.:
. <->"[LinLibertine_RBI.otf]:mode=base;script=latn;language=DFLT;+tlig;+tnum;+on
um;+smcp;+smcp;"
.................................................
luaotfload | load : path lookup of "LinLibertine_R.otf" unsuccessful, falling ba
ck to file:
luaotfload | load : path lookup of "LinLibertine_R.otf" unsuccessful, falling ba
ck to file:
luaotfload | load : path lookup of "LinLibertine_DR.otf" unsuccessful, falling b
ack to file:(compiling luc: /var/lib/texmf/luatex-cache/generic/fonts/otf/linlib
ertine-dr.luc)(load luc: /home/efi/.texmf-var/luatex-cache/generic/fonts/otf/lin
libertine-dr.luc)
luaotfload | load : path lookup of "LinLibertine_DR.otf" unsuccessful, falling b
ack to file:
luaotfload | load : path lookup of "LinLibertine_DR.otf" unsuccessful, falling b
ack to file:
luaotfload | load : path lookup of "LinLibertine_DR.otf" unsuccessful, falling b
ack to file:
luaotfload | aux : font no 33 (LinLibertineDisplayO) does not define feature smc
p for script latn with language dflt
luaotfload | aux : no font with id 33
luaotfload | load : path lookup of "LinLibertine_RB.otf" unsuccessful, falling b
ack to file:
luaotfload | load : path lookup of "LinLibertine_RB.otf" unsuccessful, falling b
ack to file:
luaotfload | load : path lookup of "LinLibertine_RI.otf" unsuccessful, falling b
ack to file:
luaotfload | load : path lookup of "LinLibertine_RI.otf" unsuccessful, falling b
ack to file:
luaotfload | load : path lookup of "LinLibertine_RBI.otf" unsuccessful, falling 
back to file:
luaotfload | load : path lookup of "LinLibertine_RBI.otf" unsuccessful, falling 
back to file:
.................................................
. fontspec info: "defining-font"
. 
. Font family 'LinLibertine(4)' created for font 'LinLibertine' with options
. [Ligatures = TeX,Extension =
. .otf,SmallCapsFeatures={Letters=SmallCaps,Renderer=Basic},Numbers =
. {Monospaced,Lining},UprightFont = *_DR,ItalicFont = *_RI,BoldFont =
. *_RB,BoldItalicFont = *_RBI].
. 
. This font family consists of the following NFSS series/shapes:
. - 'normal' (m/n) with NFSS spec.:
. <->"[LinLibertine_DR.otf]:mode=node;script=latn;language=DFLT;+tlig;+tnum;+lnu
m;"
. - 'small caps'  (m/sc) with NFSS spec.: - 'bold' (bx/n) with NFSS spec.:
. <->"[LinLibertine_RB.otf]:mode=node;script=latn;language=DFLT;+tlig;+tnum;+lnu
m;"
. - 'bold small caps'  (bx/sc) with NFSS spec.:
. <->"[LinLibertine_RB.otf]:mode=base;script=latn;language=DFLT;+tlig;+tnum;+lnu
m;+smcp;+smcp;"-
. 'italic' (m/it) with NFSS spec.:
. <->"[LinLibertine_RI.otf]:mode=node;script=latn;language=DFLT;+tlig;+tnum;+lnu
m;"
. - 'italic small caps'  (m/itsc) with NFSS spec.:
. <->"[LinLibertine_RI.otf]:mode=base;script=latn;language=DFLT;+tlig;+tnum;+lnu
m;+smcp;+smcp;"-
. 'bold italic' (bx/it) with NFSS spec.:
. <->"[LinLibertine_RBI.otf]:mode=node;script=latn;language=DFLT;+tlig;+tnum;+ln
um;"
. - 'bold italic small caps'  (bx/itsc) with NFSS spec.:
. <->"[LinLibertine_RBI.otf]:mode=base;script=latn;language=DFLT;+tlig;+tnum;+ln
um;+smcp;+smcp;"
.................................................
luaotfload | load : path lookup of "LinBiolinum_R.otf" unsuccessful, falling bac
k to file:
luaotfload | load : path lookup of "LinBiolinum_R.otf" unsuccessful, falling bac
k to file:
luaotfload | load : path lookup of "LinBiolinum_R.otf" unsuccessful, falling bac
k to file:
luaotfload | load : path lookup of "LinBiolinum_R.otf" unsuccessful, falling bac
k to file:
luaotfload | load : path lookup of "LinBiolinum_RB.otf" unsuccessful, falling ba
ck to file:
luaotfload | load : path lookup of "LinBiolinum_RB.otf" unsuccessful, falling ba
ck to file:
luaotfload | load : path lookup of "LinBiolinum_RI.otf" unsuccessful, falling ba
ck to file:
luaotfload | load : path lookup of "LinBiolinum_RI.otf" unsuccessful, falling ba
ck to file:
luaotfload | load : path lookup of "LinBiolinum_RBO.otf" unsuccessful, falling b
ack to file:
luaotfload | load : path lookup of "LinBiolinum_RBO.otf" unsuccessful, falling b
ack to file:
.................................................
. fontspec info: "defining-font"
. 
. Font family 'LinBiolinum(1)' created for font 'LinBiolinum' with options
. [Ligatures = TeX,Extension =
. .otf,SmallCapsFeatures={Letters=SmallCaps,Renderer=Basic},Numbers =
. {Monospaced, },Scale = 1,UprightFont = *_R,ItalicFont = *_RI,BoldFont =
. *_RB,BoldItalicFont = *_RBO].
. 
. This font family consists of the following NFSS series/shapes:
. - 'normal' (m/n) with NFSS spec.:
. <->s*[1]"[LinBiolinum_R.otf]:mode=node;script=latn;language=DFLT;+tlig;+tnum;"

. - 'small caps'  (m/sc) with NFSS spec.:
. <->s*[1]"[LinBiolinum_R.otf]:mode=base;script=latn;language=DFLT;+tlig;+tnum;+
smcp;+smcp;"-
. 'bold' (bx/n) with NFSS spec.:
. <->s*[1]"[LinBiolinum_RB.otf]:mode=node;script=latn;language=DFLT;+tlig;+tnum;
"
. - 'bold small caps'  (bx/sc) with NFSS spec.:
. <->s*[1]"[LinBiolinum_RB.otf]:mode=base;script=latn;language=DFLT;+tlig;+tnum;
+smcp;+smcp;"-
. 'italic' (m/it) with NFSS spec.:
. <->s*[1]"[LinBiolinum_RI.otf]:mode=node;script=latn;language=DFLT;+tlig;+tnum;
"
. - 'italic small caps'  (m/itsc) with NFSS spec.:
. <->s*[1]"[LinBiolinum_RI.otf]:mode=base;script=latn;language=DFLT;+tlig;+tnum;
+smcp;+smcp;"-
. 'bold italic' (bx/it) with NFSS spec.:
. <->s*[1]"[LinBiolinum_RBO.otf]:mode=node;script=latn;language=DFLT;+tlig;+tnum
;"
. - 'bold italic small caps'  (bx/itsc) with NFSS spec.:
. <->s*[1]"[LinBiolinum_RBO.otf]:mode=base;script=latn;language=DFLT;+tlig;+tnum
;+smcp;+smcp;"
.................................................
luaotfload | load : path lookup of "LinBiolinum_R.otf" unsuccessful, falling bac
k to file:
luaotfload | load : path lookup of "LinBiolinum_R.otf" unsuccessful, falling bac
k to file:
luaotfload | load : path lookup of "LinBiolinum_R.otf" unsuccessful, falling bac
k to file:
luaotfload | load : path lookup of "LinBiolinum_R.otf" unsuccessful, falling bac
k to file:
luaotfload | load : path lookup of "LinBiolinum_RB.otf" unsuccessful, falling ba
ck to file:
luaotfload | load : path lookup of "LinBiolinum_RB.otf" unsuccessful, falling ba
ck to file:
luaotfload | load : path lookup of "LinBiolinum_RI.otf" unsuccessful, falling ba
ck to file:
luaotfload | load : path lookup of "LinBiolinum_RI.otf" unsuccessful, falling ba
ck to file:
luaotfload | load : path lookup of "LinBiolinum_RBO.otf" unsuccessful, falling b
ack to file:
luaotfload | load : path lookup of "LinBiolinum_RBO.otf" unsuccessful, falling b
ack to file:
.................................................
. fontspec info: "defining-font"
. 
. Font family 'LinBiolinum(2)' created for font 'LinBiolinum' with options
. [Ligatures = TeX,Extension =
. .otf,SmallCapsFeatures={Letters=SmallCaps,Renderer=Basic},Numbers =
. {Monospaced, OldStyle},Scale = 1,UprightFont = *_R,ItalicFont =
. *_RI,BoldFont = *_RB,BoldItalicFont = *_RBO].
. 
. This font family consists of the following NFSS series/shapes:
. - 'normal' (m/n) with NFSS spec.:
. <->s*[1]"[LinBiolinum_R.otf]:mode=node;script=latn;language=DFLT;+tlig;+tnum;+
onum;"
. - 'small caps'  (m/sc) with NFSS spec.:
. <->s*[1]"[LinBiolinum_R.otf]:mode=base;script=latn;language=DFLT;+tlig;+tnum;+
onum;+smcp;+smcp;"-
. 'bold' (bx/n) with NFSS spec.:
. <->s*[1]"[LinBiolinum_RB.otf]:mode=node;script=latn;language=DFLT;+tlig;+tnum;
+onum;"
. - 'bold small caps'  (bx/sc) with NFSS spec.:
. <->s*[1]"[LinBiolinum_RB.otf]:mode=base;script=latn;language=DFLT;+tlig;+tnum;
+onum;+smcp;+smcp;"-
. 'italic' (m/it) with NFSS spec.:
. <->s*[1]"[LinBiolinum_RI.otf]:mode=node;script=latn;language=DFLT;+tlig;+tnum;
+onum;"
. - 'italic small caps'  (m/itsc) with NFSS spec.:
. <->s*[1]"[LinBiolinum_RI.otf]:mode=base;script=latn;language=DFLT;+tlig;+tnum;
+onum;+smcp;+smcp;"-
. 'bold italic' (bx/it) with NFSS spec.:
. <->s*[1]"[LinBiolinum_RBO.otf]:mode=node;script=latn;language=DFLT;+tlig;+tnum
;+onum;"
. - 'bold italic small caps'  (bx/itsc) with NFSS spec.:
. <->s*[1]"[LinBiolinum_RBO.otf]:mode=base;script=latn;language=DFLT;+tlig;+tnum
;+onum;+smcp;+smcp;"
.................................................
luaotfload | load : path lookup of "LinBiolinum_R.otf" unsuccessful, falling bac
k to file:
luaotfload | load : path lookup of "LinBiolinum_R.otf" unsuccessful, falling bac
k to file:
luaotfload | load : path lookup of "LinBiolinum_R.otf" unsuccessful, falling bac
k to file:
luaotfload | load : path lookup of "LinBiolinum_R.otf" unsuccessful, falling bac
k to file:
luaotfload | load : path lookup of "LinBiolinum_RB.otf" unsuccessful, falling ba
ck to file:
luaotfload | load : path lookup of "LinBiolinum_RB.otf" unsuccessful, falling ba
ck to file:
luaotfload | load : path lookup of "LinBiolinum_RI.otf" unsuccessful, falling ba
ck to file:
luaotfload | load : path lookup of "LinBiolinum_RI.otf" unsuccessful, falling ba
ck to file:
luaotfload | load : path lookup of "LinBiolinum_RBO.otf" unsuccessful, falling b
ack to file:
luaotfload | load : path lookup of "LinBiolinum_RBO.otf" unsuccessful, falling b
ack to file:
.................................................
. fontspec info: "defining-font"
. 
. Font family 'LinBiolinum(3)' created for font 'LinBiolinum' with options
. [Ligatures = TeX,Extension =
. .otf,SmallCapsFeatures={Letters=SmallCaps,Renderer=Basic},Numbers =
. {Monospaced},Scale = 1,UprightFont = *_R,ItalicFont = *_RI,BoldFont =
. *_RB,BoldItalicFont = *_RBO].
. 
. This font family consists of the following NFSS series/shapes:
. - 'normal' (m/n) with NFSS spec.:
. <->s*[1]"[LinBiolinum_R.otf]:mode=node;script=latn;language=DFLT;+tlig;+tnum;"

. - 'small caps'  (m/sc) with NFSS spec.:
. <->s*[1]"[LinBiolinum_R.otf]:mode=base;script=latn;language=DFLT;+tlig;+tnum;+
smcp;+smcp;"-
. 'bold' (bx/n) with NFSS spec.:
. <->s*[1]"[LinBiolinum_RB.otf]:mode=node;script=latn;language=DFLT;+tlig;+tnum;
"
. - 'bold small caps'  (bx/sc) with NFSS spec.:
. <->s*[1]"[LinBiolinum_RB.otf]:mode=base;script=latn;language=DFLT;+tlig;+tnum;
+smcp;+smcp;"-
. 'italic' (m/it) with NFSS spec.:
. <->s*[1]"[LinBiolinum_RI.otf]:mode=node;script=latn;language=DFLT;+tlig;+tnum;
"
. - 'italic small caps'  (m/itsc) with NFSS spec.:
. <->s*[1]"[LinBiolinum_RI.otf]:mode=base;script=latn;language=DFLT;+tlig;+tnum;
+smcp;+smcp;"-
. 'bold italic' (bx/it) with NFSS spec.:
. <->s*[1]"[LinBiolinum_RBO.otf]:mode=node;script=latn;language=DFLT;+tlig;+tnum
;"
. - 'bold italic small caps'  (bx/itsc) with NFSS spec.:
. <->s*[1]"[LinBiolinum_RBO.otf]:mode=base;script=latn;language=DFLT;+tlig;+tnum
;+smcp;+smcp;"
.................................................
luaotfload | load : path lookup of "LinLibertine_M.otf" unsuccessful, falling ba
ck to file:(compiling luc: /var/lib/texmf/luatex-cache/generic/fonts/otf/linlibe
rtine-m.luc)(load luc: /home/efi/.texmf-var/luatex-cache/generic/fonts/otf/linli
bertine-m.luc)
luaotfload | load : path lookup of "LinLibertine_M.otf" unsuccessful, falling ba
ck to file:
luaotfload | load : path lookup of "LinLibertine_M.otf" unsuccessful, falling ba
ck to file:
luaotfload | load : path lookup of "LinLibertine_M.otf" unsuccessful, falling ba
ck to file:
luaotfload | aux : font no 34 (LinLibertineMO) does not define feature smcp for 
script latn with language dflt
luaotfload | aux : no font with id 34
luaotfload | load : path lookup of "LinLibertine_MB.otf" unsuccessful, falling b
ack to file:(compiling luc: /var/lib/texmf/luatex-cache/generic/fonts/otf/linlib
ertine-mb.luc)(load luc: /home/efi/.texmf-var/luatex-cache/generic/fonts/otf/lin
libertine-mb.luc)
luaotfload | load : path lookup of "LinLibertine_MB.otf" unsuccessful, falling b
ack to file:
luaotfload | aux : font no 35 (LinLibertineMOB) does not define feature smcp for
 script latn with language dflt
luaotfload | aux : no font with id 35
luaotfload | load : path lookup of "LinLibertine_MO.otf" unsuccessful, falling b
ack to file:(compiling luc: /var/lib/texmf/luatex-cache/generic/fonts/otf/linlib
ertine-mo.luc)(load luc: /home/efi/.texmf-var/luatex-cache/generic/fonts/otf/lin
libertine-mo.luc)
luaotfload | load : path lookup of "LinLibertine_MO.otf" unsuccessful, falling b
ack to file:
luaotfload | aux : font no 36 (LinLibertineMOO) does not define feature smcp for
 script latn with language dflt
luaotfload | aux : no font with id 36
luaotfload | load : path lookup of "LinLibertine_MBO.otf" unsuccessful, falling 
back to file:(compiling luc: /var/lib/texmf/luatex-cache/generic/fonts/otf/linli
bertine-mbo.luc)(load luc: /home/efi/.texmf-var/luatex-cache/generic/fonts/otf/l
inlibertine-mbo.luc)
luaotfload | load : path lookup of "LinLibertine_MBO.otf" unsuccessful, falling 
back to file:
luaotfload | aux : font no 37 (LinLibertineMOBO) does not define feature smcp fo
r script latn with language dflt
luaotfload | aux : no font with id 37
.................................................
. fontspec info: "defining-font"
. 
. Font family 'LinLibertine(5)' created for font 'LinLibertine' with options
. [Extension = .otf,WordSpace={1,0,0},PunctuationSpace=WordSpace,Scale =
. 1,UprightFont = *_M,ItalicFont = *_MO,BoldFont = *_MB,BoldItalicFont =
. *_MBO].
. 
. This font family consists of the following NFSS series/shapes:
. - 'normal' (m/n) with NFSS spec.:
. <->s*[1]"[LinLibertine_M.otf]:mode=node;script=latn;language=DFLT;"
. - 'small caps'  (m/sc) with NFSS spec.: 
. and font adjustment code:
. \fontdimen 2\font =1\fontdimen 2\font \fontdimen 3\font =0\fontdimen 3\font
. \fontdimen 4\font =0\fontdimen 4\font \fontdimen 7\font =0\fontdimen 2\font
. - 'bold' (bx/n) with NFSS spec.:
. <->s*[1]"[LinLibertine_MB.otf]:mode=node;script=latn;language=DFLT;"
. - 'bold small caps'  (bx/sc) with NFSS spec.: 
. and font adjustment code:
. \fontdimen 2\font =1\fontdimen 2\font \fontdimen 3\font =0\fontdimen 3\font
. \fontdimen 4\font =0\fontdimen 4\font \fontdimen 7\font =0\fontdimen 2\font
. - 'italic' (m/it) with NFSS spec.:
. <->s*[1]"[LinLibertine_MO.otf]:mode=node;script=latn;language=DFLT;"
. - 'italic small caps'  (m/itsc) with NFSS spec.: 
. and font adjustment code:
. \fontdimen 2\font =1\fontdimen 2\font \fontdimen 3\font =0\fontdimen 3\font
. \fontdimen 4\font =0\fontdimen 4\font \fontdimen 7\font =0\fontdimen 2\font
. - 'bold italic' (bx/it) with NFSS spec.:
. <->s*[1]"[LinLibertine_MBO.otf]:mode=node;script=latn;language=DFLT;"
. - 'bold italic small caps'  (bx/itsc) with NFSS spec.: 
. and font adjustment code:
. \fontdimen 2\font =1\fontdimen 2\font \fontdimen 3\font =0\fontdimen 3\font
. \fontdimen 4\font =0\fontdimen 4\font \fontdimen 7\font =0\fontdimen 2\font 
.................................................
luaotfload | load : path lookup of "LinLibertine_M.otf" unsuccessful, falling ba
ck to file:
luaotfload | load : path lookup of "LinLibertine_M.otf" unsuccessful, falling ba
ck to file:
luaotfload | load : path lookup of "LinLibertine_M.otf" unsuccessful, falling ba
ck to file:
luaotfload | load : path lookup of "LinLibertine_M.otf" unsuccessful, falling ba
ck to file:
luaotfload | aux : font no 34 (LinLibertineMO) does not define feature smcp for 
script latn with language dflt
luaotfload | aux : no font with id 34
luaotfload | load : path lookup of "LinLibertine_MB.otf" unsuccessful, falling b
ack to file:
luaotfload | load : path lookup of "LinLibertine_MB.otf" unsuccessful, falling b
ack to file:
luaotfload | aux : font no 35 (LinLibertineMOB) does not define feature smcp for
 script latn with language dflt
luaotfload | aux : no font with id 35
luaotfload | load : path lookup of "LinLibertine_MO.otf" unsuccessful, falling b
ack to file:
luaotfload | load : path lookup of "LinLibertine_MO.otf" unsuccessful, falling b
ack to file:
luaotfload | aux : font no 36 (LinLibertineMOO) does not define feature smcp for
 script latn with language dflt
luaotfload | aux : no font with id 36
luaotfload | load : path lookup of "LinLibertine_MBO.otf" unsuccessful, falling 
back to file:
luaotfload | load : path lookup of "LinLibertine_MBO.otf" unsuccessful, falling 
back to file:
luaotfload | aux : font no 37 (LinLibertineMOBO) does not define feature smcp fo
r script latn with language dflt
luaotfload | aux : no font with id 37
.................................................
. fontspec info: "defining-font"
. 
. Font family 'LinLibertine(6)' created for font 'LinLibertine' with options
. [Extension = .otf,Scale = 1,UprightFont = *_M,ItalicFont = *_MO,BoldFont =
. *_MB,BoldItalicFont = *_MBO].
. 
. This font family consists of the following NFSS series/shapes:
. - 'normal' (m/n) with NFSS spec.:
. <->s*[1]"[LinLibertine_M.otf]:mode=node;script=latn;language=DFLT;"
. - 'small caps'  (m/sc) with NFSS spec.: - 'bold' (bx/n) with NFSS spec.:
. <->s*[1]"[LinLibertine_MB.otf]:mode=node;script=latn;language=DFLT;"
. - 'bold small caps'  (bx/sc) with NFSS spec.: - 'italic' (m/it) with NFSS
. spec.: <->s*[1]"[LinLibertine_MO.otf]:mode=node;script=latn;language=DFLT;"
. - 'italic small caps'  (m/itsc) with NFSS spec.: - 'bold italic' (bx/it)
. with NFSS spec.:
. <->s*[1]"[LinLibertine_MBO.otf]:mode=node;script=latn;language=DFLT;"
. - 'bold italic small caps'  (bx/itsc) with NFSS spec.: 
.................................................
luaotfload | load : path lookup of "LinBiolinum_K.otf" unsuccessful, falling bac
k to file:(compiling luc: /var/lib/texmf/luatex-cache/generic/fonts/otf/linbioli
num-k.luc)(load luc: /home/efi/.texmf-var/luatex-cache/generic/fonts/otf/linbiol
inum-k.luc)
luaotfload | load : path lookup of "LinBiolinum_K.otf" unsuccessful, falling bac
k to file:
\g__fontspec_family_LinBiolinum_K_int=\count135
luaotfload | load : path lookup of "LinBiolinum_K.otf" unsuccessful, falling bac
k to file:
luaotfload | load : path lookup of "LinBiolinum_K.otf" unsuccessful, falling bac
k to file:
.................................................
. fontspec info: "defining-font"
. 
. Font family 'LinBiolinum_K(0)' created for font 'LinBiolinum_K' with options
. [Extension = .otf,BoldFont={},ItalicFont={},SmallCapsFont={}].
. 
. This font family consists of the following NFSS series/shapes:
. - 'normal' (m/n) with NFSS spec.:
. <->"[LinBiolinum_K.otf]:mode=node;script=latn;language=DFLT;"
. - 'small caps'  (m/sc) with NFSS spec.: 
.................................................
luaotfload | load : path lookup of "LinLibertine_I.otf" unsuccessful, falling ba
ck to file:(compiling luc: /var/lib/texmf/luatex-cache/generic/fonts/otf/linlibe
rtine-i.luc)(load luc: /home/efi/.texmf-var/luatex-cache/generic/fonts/otf/linli
bertine-i.luc)
luaotfload | load : path lookup of "LinLibertine_I.otf" unsuccessful, falling ba
ck to file:
\g__fontspec_family_LinLibertine_I_int=\count136
luaotfload | load : path lookup of "LinLibertine_I.otf" unsuccessful, falling ba
ck to file:
luaotfload | load : path lookup of "LinLibertine_I.otf" unsuccessful, falling ba
ck to file:
.................................................
. fontspec info: "defining-font"
. 
. Font family 'LinLibertine_I(0)' created for font 'LinLibertine_I' with
. options [Extension = .otf,BoldFont={},ItalicFont={},SmallCapsFont={}].
. 
. This font family consists of the following NFSS series/shapes:
. - 'normal' (m/n) with NFSS spec.:
. <->"[LinLibertine_I.otf]:mode=node;script=latn;language=DFLT;"
. - 'small caps'  (m/sc) with NFSS spec.: 
.................................................
LaTeX Info: Redefining \oldstylenums on input line 458.
LaTeX Info: Redefining \liningnums on input line 459.
luaotfload | load : path lookup of "LinLibertine_R.otf" unsuccessful, falling ba
ck to file:
luaotfload | load : path lookup of "LinLibertine_R.otf" unsuccessful, falling ba
ck to file:
luaotfload | load : path lookup of "LinLibertine_R.otf" unsuccessful, falling ba
ck to file:
luaotfload | load : path lookup of "LinLibertine_R.otf" unsuccessful, falling ba
ck to file:
luaotfload | load : path lookup of "LinLibertine_RB.otf" unsuccessful, falling b
ack to file:
luaotfload | load : path lookup of "LinLibertine_RB.otf" unsuccessful, falling b
ack to file:
luaotfload | load : path lookup of "LinLibertine_RI.otf" unsuccessful, falling b
ack to file:
luaotfload | load : path lookup of "LinLibertine_RI.otf" unsuccessful, falling b
ack to file:
luaotfload | load : path lookup of "LinLibertine_RBI.otf" unsuccessful, falling 
back to file:
luaotfload | load : path lookup of "LinLibertine_RBI.otf" unsuccessful, falling 
back to file:
.................................................
. fontspec info: "defining-font"
. 
. Font family 'LinLibertine(7)' created for font 'LinLibertine' with options
. [Extension = .otf,Numbers = {Monospaced,Lining},UprightFont = *_R,ItalicFont
. = *_RI,BoldFont = *_RB,BoldItalicFont = *_RBI].
. 
. This font family consists of the following NFSS series/shapes:
. - 'normal' (m/n) with NFSS spec.:
. <->"[LinLibertine_R.otf]:mode=node;script=latn;language=DFLT;+tnum;+lnum;"
. - 'small caps'  (m/sc) with NFSS spec.:
. <->"[LinLibertine_R.otf]:mode=node;script=latn;language=DFLT;+tnum;+lnum;+smcp
;"-
. 'bold' (bx/n) with NFSS spec.:
. <->"[LinLibertine_RB.otf]:mode=node;script=latn;language=DFLT;+tnum;+lnum;"
. - 'bold small caps'  (bx/sc) with NFSS spec.:
. <->"[LinLibertine_RB.otf]:mode=node;script=latn;language=DFLT;+tnum;+lnum;+smc
p;"-
. 'italic' (m/it) with NFSS spec.:
. <->"[LinLibertine_RI.otf]:mode=node;script=latn;language=DFLT;+tnum;+lnum;"
. - 'italic small caps'  (m/itsc) with NFSS spec.:
. <->"[LinLibertine_RI.otf]:mode=node;script=latn;language=DFLT;+tnum;+lnum;+smc
p;"-
. 'bold italic' (bx/it) with NFSS spec.:
. <->"[LinLibertine_RBI.otf]:mode=node;script=latn;language=DFLT;+tnum;+lnum;"
. - 'bold italic small caps'  (bx/itsc) with NFSS spec.:
. <->"[LinLibertine_RBI.otf]:mode=node;script=latn;language=DFLT;+tnum;+lnum;+sm
cp;"
.................................................
luaotfload | load : path lookup of "LinLibertine_R.otf" unsuccessful, falling ba
ck to file:
luaotfload | load : path lookup of "LinLibertine_R.otf" unsuccessful, falling ba
ck to file:
luaotfload | load : path lookup of "LinLibertine_R.otf" unsuccessful, falling ba
ck to file:
luaotfload | load : path lookup of "LinLibertine_R.otf" unsuccessful, falling ba
ck to file:
luaotfload | load : path lookup of "LinLibertine_RB.otf" unsuccessful, falling b
ack to file:
luaotfload | load : path lookup of "LinLibertine_RB.otf" unsuccessful, falling b
ack to file:
luaotfload | load : path lookup of "LinLibertine_RI.otf" unsuccessful, falling b
ack to file:
luaotfload | load : path lookup of "LinLibertine_RI.otf" unsuccessful, falling b
ack to file:
luaotfload | load : path lookup of "LinLibertine_RBI.otf" unsuccessful, falling 
back to file:
luaotfload | load : path lookup of "LinLibertine_RBI.otf" unsuccessful, falling 
back to file:
.................................................
. fontspec info: "defining-font"
. 
. Font family 'LinLibertine(8)' created for font 'LinLibertine' with options
. [Extension = .otf,Numbers = {Proportional,Lining},UprightFont =
. *_R,ItalicFont = *_RI,BoldFont = *_RB,BoldItalicFont = *_RBI].
. 
. This font family consists of the following NFSS series/shapes:
. - 'normal' (m/n) with NFSS spec.:
. <->"[LinLibertine_R.otf]:mode=node;script=latn;language=DFLT;+pnum;+lnum;"
. - 'small caps'  (m/sc) with NFSS spec.:
. <->"[LinLibertine_R.otf]:mode=node;script=latn;language=DFLT;+pnum;+lnum;+smcp
;"-
. 'bold' (bx/n) with NFSS spec.:
. <->"[LinLibertine_RB.otf]:mode=node;script=latn;language=DFLT;+pnum;+lnum;"
. - 'bold small caps'  (bx/sc) with NFSS spec.:
. <->"[LinLibertine_RB.otf]:mode=node;script=latn;language=DFLT;+pnum;+lnum;+smc
p;"-
. 'italic' (m/it) with NFSS spec.:
. <->"[LinLibertine_RI.otf]:mode=node;script=latn;language=DFLT;+pnum;+lnum;"
. - 'italic small caps'  (m/itsc) with NFSS spec.:
. <->"[LinLibertine_RI.otf]:mode=node;script=latn;language=DFLT;+pnum;+lnum;+smc
p;"-
. 'bold italic' (bx/it) with NFSS spec.:
. <->"[LinLibertine_RBI.otf]:mode=node;script=latn;language=DFLT;+pnum;+lnum;"
. - 'bold italic small caps'  (bx/itsc) with NFSS spec.:
. <->"[LinLibertine_RBI.otf]:mode=node;script=latn;language=DFLT;+pnum;+lnum;+sm
cp;"
.................................................
luaotfload | load : path lookup of "LinBiolinum_R.otf" unsuccessful, falling bac
k to file:
luaotfload | load : path lookup of "LinBiolinum_R.otf" unsuccessful, falling bac
k to file:
luaotfload | load : path lookup of "LinBiolinum_R.otf" unsuccessful, falling bac
k to file:
luaotfload | load : path lookup of "LinBiolinum_R.otf" unsuccessful, falling bac
k to file:
luaotfload | load : path lookup of "LinBiolinum_RB.otf" unsuccessful, falling ba
ck to file:
luaotfload | load : path lookup of "LinBiolinum_RB.otf" unsuccessful, falling ba
ck to file:
luaotfload | load : path lookup of "LinBiolinum_RI.otf" unsuccessful, falling ba
ck to file:
luaotfload | load : path lookup of "LinBiolinum_RI.otf" unsuccessful, falling ba
ck to file:
luaotfload | load : path lookup of "LinBiolinum_RBO.otf" unsuccessful, falling b
ack to file:
luaotfload | load : path lookup of "LinBiolinum_RBO.otf" unsuccessful, falling b
ack to file:
.................................................
. fontspec info: "defining-font"
. 
. Font family 'LinBiolinum(4)' created for font 'LinBiolinum' with options
. [Extension = .otf,Numbers = {Monospaced,},Scale = 1,UprightFont =
. *_R,ItalicFont = *_RI,BoldFont = *_RB,BoldItalicFont = *_RBO].
. 
. This font family consists of the following NFSS series/shapes:
. - 'normal' (m/n) with NFSS spec.:
. <->s*[1]"[LinBiolinum_R.otf]:mode=node;script=latn;language=DFLT;+tnum;"
. - 'small caps'  (m/sc) with NFSS spec.:
. <->s*[1]"[LinBiolinum_R.otf]:mode=node;script=latn;language=DFLT;+tnum;+smcp;"
-
. 'bold' (bx/n) with NFSS spec.:
. <->s*[1]"[LinBiolinum_RB.otf]:mode=node;script=latn;language=DFLT;+tnum;"
. - 'bold small caps'  (bx/sc) with NFSS spec.:
. <->s*[1]"[LinBiolinum_RB.otf]:mode=node;script=latn;language=DFLT;+tnum;+smcp;
"-
. 'italic' (m/it) with NFSS spec.:
. <->s*[1]"[LinBiolinum_RI.otf]:mode=node;script=latn;language=DFLT;+tnum;"
. - 'italic small caps'  (m/itsc) with NFSS spec.:
. <->s*[1]"[LinBiolinum_RI.otf]:mode=node;script=latn;language=DFLT;+tnum;+smcp;
"-
. 'bold italic' (bx/it) with NFSS spec.:
. <->s*[1]"[LinBiolinum_RBO.otf]:mode=node;script=latn;language=DFLT;+tnum;"
. - 'bold italic small caps'  (bx/itsc) with NFSS spec.:
. <->s*[1]"[LinBiolinum_RBO.otf]:mode=node;script=latn;language=DFLT;+tnum;+smcp
;"
.................................................
luaotfload | load : path lookup of "LinBiolinum_R.otf" unsuccessful, falling bac
k to file:
luaotfload | load : path lookup of "LinBiolinum_R.otf" unsuccessful, falling bac
k to file:
luaotfload | load : path lookup of "LinBiolinum_R.otf" unsuccessful, falling bac
k to file:
luaotfload | load : path lookup of "LinBiolinum_R.otf" unsuccessful, falling bac
k to file:
luaotfload | load : path lookup of "LinBiolinum_RB.otf" unsuccessful, falling ba
ck to file:
luaotfload | load : path lookup of "LinBiolinum_RB.otf" unsuccessful, falling ba
ck to file:
luaotfload | load : path lookup of "LinBiolinum_RI.otf" unsuccessful, falling ba
ck to file:
luaotfload | load : path lookup of "LinBiolinum_RI.otf" unsuccessful, falling ba
ck to file:
luaotfload | load : path lookup of "LinBiolinum_RBO.otf" unsuccessful, falling b
ack to file:
luaotfload | load : path lookup of "LinBiolinum_RBO.otf" unsuccessful, falling b
ack to file:
.................................................
. fontspec info: "defining-font"
. 
. Font family 'LinBiolinum(5)' created for font 'LinBiolinum' with options
. [Extension = .otf,Numbers = {Proportional,},Scale = 1,UprightFont =
. *_R,ItalicFont = *_RI,BoldFont = *_RB,BoldItalicFont = *_RBO].
. 
. This font family consists of the following NFSS series/shapes:
. - 'normal' (m/n) with NFSS spec.:
. <->s*[1]"[LinBiolinum_R.otf]:mode=node;script=latn;language=DFLT;+pnum;"
. - 'small caps'  (m/sc) with NFSS spec.:
. <->s*[1]"[LinBiolinum_R.otf]:mode=node;script=latn;language=DFLT;+pnum;+smcp;"
-
. 'bold' (bx/n) with NFSS spec.:
. <->s*[1]"[LinBiolinum_RB.otf]:mode=node;script=latn;language=DFLT;+pnum;"
. - 'bold small caps'  (bx/sc) with NFSS spec.:
. <->s*[1]"[LinBiolinum_RB.otf]:mode=node;script=latn;language=DFLT;+pnum;+smcp;
"-
. 'italic' (m/it) with NFSS spec.:
. <->s*[1]"[LinBiolinum_RI.otf]:mode=node;script=latn;language=DFLT;+pnum;"
. - 'italic small caps'  (m/itsc) with NFSS spec.:
. <->s*[1]"[LinBiolinum_RI.otf]:mode=node;script=latn;language=DFLT;+pnum;+smcp;
"-
. 'bold italic' (bx/it) with NFSS spec.:
. <->s*[1]"[LinBiolinum_RBO.otf]:mode=node;script=latn;language=DFLT;+pnum;"
. - 'bold italic small caps'  (bx/itsc) with NFSS spec.:
. <->s*[1]"[LinBiolinum_RBO.otf]:mode=node;script=latn;language=DFLT;+pnum;+smcp
;"
.................................................

(/usr/share/texlive/texmf-dist/tex/latex/libertine/LinLibertine_R.tex)
(/usr/share/texlive/texmf-dist/tex/latex/libertine/LinBiolinum_R.tex)
(/usr/share/texlive/texmf-dist/tex/latex/libertine/LinBiolinum_K.tex)
(/usr/share/texlive/texmf-dist/tex/latex/libertine/LinLibertine_I.tex)
(/usr/share/texlive/texmf-dist/tex/latex/libertine/LKey.tex))
(/usr/share/texlive/texmf-dist/tex/latex/subfigure/subfigure.sty
Package: subfigure 2002/03/15 v2.1.5 subfigure package
\subfigtopskip=\skip52
\subfigcapskip=\skip53
\subfigcaptopadj=\dimen150
\subfigbottomskip=\skip54
\subfigcapmargin=\dimen151
\subfiglabelskip=\skip55
\c@subfigure=\count137
\c@lofdepth=\count138
\c@subtable=\count139
\c@lotdepth=\count140

****************************************
* Local config file subfigure.cfg used *
****************************************
(/usr/share/texlive/texmf-dist/tex/latex/subfigure/subfigure.cfg)
\subfig@top=\skip56
\subfig@bottom=\skip57
)
(/usr/share/texlive/texmf-dist/tex/latex/hyperref/hyperref.sty
Package: hyperref 2012/11/06 v6.83m Hypertext links for LaTeX

(/usr/share/texlive/texmf-dist/tex/generic/oberdiek/hobsub-hyperref.sty
Package: hobsub-hyperref 2012/05/28 v1.13 Bundle oberdiek, subset hyperref (HO)

(/usr/share/texlive/texmf-dist/tex/generic/oberdiek/hobsub-generic.sty
Package: hobsub-generic 2012/05/28 v1.13 Bundle oberdiek, subset generic (HO)
Package: hobsub 2012/05/28 v1.13 Construct package bundles (HO)
Package hobsub Info: Skipping package `infwarerr' (already loaded).
Package hobsub Info: Skipping package `ltxcmds' (already loaded).
Package hobsub Info: Skipping package `ifluatex' (already loaded).
Package hobsub Info: Skipping package `ifvtex' (already loaded).
Package: intcalc 2007/09/27 v1.1 Expandable calculations with integers (HO)
Package hobsub Info: Skipping package `ifpdf' (already loaded).
Package: etexcmds 2011/02/16 v1.5 Avoid name clashes with e-TeX commands (HO)
Package: kvsetkeys 2012/04/25 v1.16 Key value parser (HO)
Package: kvdefinekeys 2011/04/07 v1.3 Define keys (HO)
Package: luatex-loader 2010/03/09 v0.4 Lua module loader (HO)

(/usr/share/texlive/texmf-dist/scripts/oberdiek/oberdiek.luatex.lua)
Package: pdftexcmds 2011/11/29 v0.20 Utility functions of pdfTeX for LuaTeX (HO)

Package pdftexcmds Info: \pdf@primitive is available.
Package pdftexcmds Info: \pdf@ifprimitive is available.
Package pdftexcmds Info: \pdfdraftmode found.
\pdftexcmds@toks=\toks22
Package: pdfescape 2011/11/25 v1.13 Implements pdfTeX's escape features (HO)
Package: bigintcalc 2012/04/08 v1.3 Expandable calculations on big integers (HO)

Package: bitset 2011/01/30 v1.1 Handle bit-vector datatype (HO)
Package: uniquecounter 2011/01/30 v1.2 Provide unlimited unique counter (HO)
)
Package hobsub Info: Skipping package `hobsub' (already loaded).
Package: letltxmacro 2010/09/02 v1.4 Let assignment for LaTeX macros (HO)
Package: hopatch 2012/05/28 v1.2 Wrapper for package hooks (HO)
Package: xcolor-patch 2011/01/30 xcolor patch
Package: atveryend 2011/06/30 v1.8 Hooks at the very end of document (HO)
Package atveryend Info: \enddocument detected (standard20110627).
Package: atbegshi 2011/10/05 v1.16 At begin shipout hook (HO)
Package: refcount 2011/10/16 v3.4 Data extraction from label references (HO)
Package: hycolor 2011/01/30 v1.7 Color options for hyperref/bookmark (HO)
)
(/usr/share/texlive/texmf-dist/tex/latex/oberdiek/auxhook.sty
Package: auxhook 2011/03/04 v1.3 Hooks for auxiliary files (HO)
)
(/usr/share/texlive/texmf-dist/tex/latex/oberdiek/kvoptions.sty
Package: kvoptions 2011/06/30 v3.11 Key value format for package options (HO)
)
\@linkdim=\dimen152
\Hy@linkcounter=\count141
\Hy@pagecounter=\count142

(/usr/share/texlive/texmf-dist/tex/latex/hyperref/pd1enc.def
File: pd1enc.def 2012/11/06 v6.83m Hyperref: PDFDocEncoding definition (HO)
)
\Hy@SavedSpaceFactor=\count143

(/usr/share/texlive/texmf-dist/tex/latex/latexconfig/hyperref.cfg
File: hyperref.cfg 2002/06/06 v1.2 hyperref configuration of TeXLive
)
Package hyperref Info: Option `bookmarks' set `true' on input line 4319.
Package hyperref Info: Option `colorlinks' set `true' on input line 4319.
Package hyperref Info: Option `breaklinks' set `true' on input line 4319.
Package hyperref Info: Hyper figures OFF on input line 4443.
Package hyperref Info: Link nesting OFF on input line 4448.
Package hyperref Info: Hyper index ON on input line 4451.
Package hyperref Info: Plain pages OFF on input line 4458.
Package hyperref Info: Backreferencing OFF on input line 4463.
Package hyperref Info: Implicit mode ON; LaTeX internals redefined.
Package hyperref Info: Bookmarks ON on input line 4688.
\c@Hy@tempcnt=\count144

(/usr/share/texlive/texmf-dist/tex/latex/url/url.sty
\Urlmuskip=\muskip16
Package: url 2013/09/16  ver 3.4  Verb mode for urls, etc.
)
LaTeX Info: Redefining \url on input line 5041.
\XeTeXLinkMargin=\dimen153
\Fld@menulength=\count145
\Field@Width=\dimen154
\Fld@charsize=\dimen155
Package hyperref Info: Hyper figures OFF on input line 6295.
Package hyperref Info: Link nesting OFF on input line 6300.
Package hyperref Info: Hyper index ON on input line 6303.
Package hyperref Info: backreferencing OFF on input line 6310.
Package hyperref Info: Link coloring ON on input line 6313.
Package hyperref Info: Link coloring with OCG OFF on input line 6320.
Package hyperref Info: PDF/A mode OFF on input line 6325.
LaTeX Info: Redefining \ref on input line 6365.
LaTeX Info: Redefining \pageref on input line 6369.
\Hy@abspage=\count146
\c@Item=\count147
\c@Hfootnote=\count148
)

Package hyperref Message: Driver (autodetected): hpdftex.

(/usr/share/texlive/texmf-dist/tex/latex/hyperref/hpdftex.def
File: hpdftex.def 2012/11/06 v6.83m Hyperref driver for pdfTeX
\Fld@listcount=\count149
\c@bookmark@seq@number=\count150

(/usr/share/texlive/texmf-dist/tex/latex/oberdiek/rerunfilecheck.sty
Package: rerunfilecheck 2011/04/15 v1.7 Rerun checks for auxiliary files (HO)
Package uniquecounter Info: New unique counter `rerunfilecheck' on input line 28
2.
)
\Hy@SectionHShift=\skip58
)
(./thesis.aux (./blank_page.aux) (./blank_page.aux))
\openout1 = thesis.aux

LaTeX Font Info:    Checking defaults for OML/cmm/m/it on input line 56.
LaTeX Font Info:    ... okay on input line 56.
LaTeX Font Info:    Checking defaults for T1/cmr/m/n on input line 56.
LaTeX Font Info:    ... okay on input line 56.
LaTeX Font Info:    Checking defaults for OT1/cmr/m/n on input line 56.
LaTeX Font Info:    ... okay on input line 56.
LaTeX Font Info:    Checking defaults for OMS/cmsy/m/n on input line 56.
LaTeX Font Info:    ... okay on input line 56.
LaTeX Font Info:    Checking defaults for OMX/cmex/m/n on input line 56.
LaTeX Font Info:    ... okay on input line 56.
LaTeX Font Info:    Checking defaults for U/cmr/m/n on input line 56.
LaTeX Font Info:    ... okay on input line 56.
LaTeX Font Info:    Checking defaults for LGR/cmr/m/n on input line 56.
LaTeX Font Info:    Try loading font information for LGR+cmr on input line 56.

(/usr/share/texlive/texmf-dist/tex/latex/cbfonts-fd/lgrcmr.fd
File: lgrcmr.fd 2013/09/01 v1.0 Greek European Computer Regular
)
LaTeX Font Info:    ... okay on input line 56.
LaTeX Font Info:    Checking defaults for EU2/lmr/m/n on input line 56.
LaTeX Font Info:    ... okay on input line 56.
LaTeX Font Info:    Checking defaults for T3/cmr/m/n on input line 56.
LaTeX Font Info:    Try loading font information for T3+cmr on input line 56.

(/usr/share/texmf/tex/latex/tipa/t3cmr.fd
File: t3cmr.fd 2001/12/31 TIPA font definitions
)
LaTeX Font Info:    ... okay on input line 56.
LaTeX Font Info:    Checking defaults for TS1/cmr/m/n on input line 56.
LaTeX Font Info:    Try loading font information for TS1+cmr on input line 56.

(/usr/share/texlive/texmf-dist/tex/latex/base/ts1cmr.fd
File: ts1cmr.fd 2014/09/29 v2.5h Standard LaTeX font definitions
)
LaTeX Font Info:    ... okay on input line 56.
LaTeX Font Info:    Checking defaults for PD1/pdf/m/n on input line 56.
LaTeX Font Info:    ... okay on input line 56.

*geometry* driver: auto-detecting
*geometry* detected driver: pdftex
*geometry* verbose mode - [ preamble ] result:
* driver: pdftex
* paper: a4paper
* layout: <same size as paper>
* layoutoffset:(h,v)=(0.0pt,0.0pt)
* modes: 
* h-part:(L,W,R)=(100.01144pt, 397.48499pt, 100.01144pt)
* v-part:(T,H,B)=(92.30072pt, 614.295pt, 138.45113pt)
* \paperwidth=597.50787pt
* \paperheight=845.04684pt
* \textwidth=397.48499pt
* \textheight=614.295pt
* \oddsidemargin=27.74146pt
* \evensidemargin=27.74146pt
* \topmargin=-16.96927pt
* \headheight=12.0pt
* \headsep=25.0pt
* \topskip=12.0pt
* \footskip=30.0pt
* \marginparwidth=43.36243pt
* \marginparsep=7.0pt
* \columnsep=10.0pt
* \skip\footins=10.8pt plus 4.0pt minus 2.0pt
* \hoffset=0.0pt
* \voffset=0.0pt
* \mag=1000
* \@twocolumnfalse
* \@twosidefalse
* \@mparswitchfalse
* \@reversemarginfalse
* (1in=72.27pt=25.4mm, 1cm=28.453pt)

(/usr/share/texlive/texmf-dist/tex/context/base/supp-pdf.mkii
[Loading MPS to PDF converter (version 2006.09.02).]
\scratchcounter=\count151
\scratchdimen=\dimen156
\scratchbox=\box41
\nofMPsegments=\count152
\nofMParguments=\count153
\everyMPshowfont=\toks23
\MPscratchCnt=\count154
\MPscratchDim=\dimen157
\MPnumerator=\count155
\makeMPintoPDFobject=\count156
\everyMPtoPDFconversion=\toks24
) (/usr/share/texlive/texmf-dist/tex/latex/oberdiek/epstopdf-base.sty
Package: epstopdf-base 2010/02/09 v2.5 Base part for package epstopdf

(/usr/share/texlive/texmf-dist/tex/latex/oberdiek/grfext.sty
Package: grfext 2010/08/19 v1.1 Manage graphics extensions (HO)
)
Package grfext Info: Graphics extension search list:
(grfext)             [.png,.pdf,.jpg,.mps,.tif,.jpeg,.PNG,.PDF,.JPG,.JPEG,.eps]
(grfext)             \AppendGraphicsExtensions on input line 452.

(/usr/share/texlive/texmf-dist/tex/latex/latexconfig/epstopdf-sys.cfg
File: epstopdf-sys.cfg 2010/07/13 v1.3 Configuration of (r)epstopdf for TeX Live

))
.................................................
. fontspec info: "setup-math"
. 
. Adjusting the maths setup (use [no-math] to avoid this).
.................................................
\symlegacymaths=\mathgroup4
LaTeX Font Info:    Overwriting symbol font `legacymaths' in version `bold'
(Font)                  OT1/cmr/m/n --> OT1/cmr/bx/n on input line 56.
LaTeX Font Info:    Redeclaring math accent \acute on input line 56.
LaTeX Font Info:    Redeclaring math accent \grave on input line 56.
LaTeX Font Info:    Redeclaring math accent \ddot on input line 56.
LaTeX Font Info:    Redeclaring math accent \tilde on input line 56.
LaTeX Font Info:    Redeclaring math accent \bar on input line 56.
LaTeX Font Info:    Redeclaring math accent \breve on input line 56.
LaTeX Font Info:    Redeclaring math accent \check on input line 56.
LaTeX Font Info:    Redeclaring math accent \hat on input line 56.
LaTeX Font Info:    Redeclaring math accent \dot on input line 56.
LaTeX Font Info:    Redeclaring math accent \mathring on input line 56.
LaTeX Font Info:    Redeclaring math symbol \colon on input line 56.
LaTeX Font Info:    Redeclaring math symbol \Gamma on input line 56.
LaTeX Font Info:    Redeclaring math symbol \Delta on input line 56.
LaTeX Font Info:    Redeclaring math symbol \Theta on input line 56.
LaTeX Font Info:    Redeclaring math symbol \Lambda on input line 56.
LaTeX Font Info:    Redeclaring math symbol \Xi on input line 56.
LaTeX Font Info:    Redeclaring math symbol \Pi on input line 56.
LaTeX Font Info:    Redeclaring math symbol \Sigma on input line 56.
LaTeX Font Info:    Redeclaring math symbol \Upsilon on input line 56.
LaTeX Font Info:    Redeclaring math symbol \Phi on input line 56.
LaTeX Font Info:    Redeclaring math symbol \Psi on input line 56.
LaTeX Font Info:    Redeclaring math symbol \Omega on input line 56.
LaTeX Font Info:    Redeclaring math symbol \mathdollar on input line 56.
LaTeX Font Info:    Redeclaring symbol font `operators' on input line 56.
LaTeX Font Info:    Encoding `OT1' has changed to `EU2' for symbol font
(Font)              `operators' in the math version `normal' on input line 56.
LaTeX Font Info:    Overwriting symbol font `operators' in version `normal'
(Font)                  OT1/cmr/m/n --> EU2/LinLibertine(0)/m/n on input line 56
.
LaTeX Font Info:    Encoding `OT1' has changed to `EU2' for symbol font
(Font)              `operators' in the math version `bold' on input line 56.
LaTeX Font Info:    Overwriting symbol font `operators' in version `bold'
(Font)                  OT1/cmr/bx/n --> EU2/LinLibertine(0)/m/n on input line 5
6.
LaTeX Font Info:    Overwriting symbol font `operators' in version `normal'
(Font)                  EU2/LinLibertine(0)/m/n --> EU2/LinLibertine(0)/m/n on i
nput line 56.
LaTeX Font Info:    Overwriting math alphabet `\mathit' in version `normal'
(Font)                  OT1/cmr/m/it --> EU2/LinLibertine(0)/m/it on input line 
56.
LaTeX Font Info:    Overwriting math alphabet `\mathbf' in version `normal'
(Font)                  OT1/cmr/bx/n --> EU2/LinLibertine(0)/bx/n on input line 
56.
LaTeX Font Info:    Overwriting math alphabet `\mathsf' in version `normal'
(Font)                  OT1/cmss/m/n --> EU2/LinBiolinum(0)/m/n on input line 56
.
LaTeX Font Info:    Overwriting math alphabet `\mathtt' in version `normal'
(Font)                  OT1/cmtt/m/n --> EU2/LinLibertine(5)/m/n on input line 5
6.
LaTeX Font Info:    Overwriting symbol font `operators' in version `bold'
(Font)                  EU2/LinLibertine(0)/m/n --> EU2/LinLibertine(0)/bx/n on 
input line 56.
LaTeX Font Info:    Overwriting math alphabet `\mathit' in version `bold'
(Font)                  OT1/cmr/bx/it --> EU2/LinLibertine(0)/bx/it on input lin
e 56.
LaTeX Font Info:    Overwriting math alphabet `\mathsf' in version `bold'
(Font)                  OT1/cmss/bx/n --> EU2/LinBiolinum(0)/bx/n on input line 
56.
LaTeX Font Info:    Overwriting math alphabet `\mathtt' in version `bold'
(Font)                  OT1/cmtt/m/n --> EU2/LinLibertine(5)/bx/n on input line 
56.
\AtBeginShipoutBox=\box42
Package hyperref Info: Link coloring ON on input line 56.

(/usr/share/texlive/texmf-dist/tex/latex/hyperref/nameref.sty
Package: nameref 2012/10/27 v2.43 Cross-referencing by name of section

(/usr/share/texlive/texmf-dist/tex/generic/oberdiek/gettitlestring.sty
Package: gettitlestring 2010/12/03 v1.4 Cleanup title references (HO)
)
\c@section@level=\count157
)
LaTeX Info: Redefining \ref on input line 56.
LaTeX Info: Redefining \pageref on input line 56.
LaTeX Info: Redefining \nameref on input line 56.

(./thesis.out) (./thesis.out)
\@outlinefile=\write3

\openout3 = thesis.out
 (./thesis_title.tex
<../images/aristotle_logo.png, id=8, 278.54062pt x 209.28188pt>
File: ../images/aristotle_logo.png Graphic file (type png)

<use ../images/aristotle_logo.png>
Package pdftex.def Info: ../images/aristotle_logo.png used on input line 7.
(pdftex.def)             Requested size: 56.9055pt x 42.75296pt.
luaotfload | load : path lookup of "LinLibertine_R.otf" unsuccessful, falling ba
ck to file:
luaotfload | load : path lookup of "LinLibertine_R.otf" unsuccessful, falling ba
ck to file:
LaTeX Font Info:    External font `cmex10' loaded for size
(Font)              <12> on input line 8.
LaTeX Font Info:    External font `cmex10' loaded for size
(Font)              <8> on input line 8.
LaTeX Font Info:    External font `cmex10' loaded for size
(Font)              <6> on input line 8.
luaotfload | load : path lookup of "LinLibertine_R.otf" unsuccessful, falling ba
ck to file:
luaotfload | load : path lookup of "LinLibertine_R.otf" unsuccessful, falling ba
ck to file:
luaotfload | load : path lookup of "LinLibertine_R.otf" unsuccessful, falling ba
ck to file:
luaotfload | load : path lookup of "LinLibertine_RB.otf" unsuccessful, falling b
ack to file:
Underfull \hbox (badness 10000) in paragraph at lines 42--42
\EU2/LinLibertine(0)/bx/n/20.74 Σχεδίαση και Υλοποίηση Web
 []


Underfull \hbox (badness 10000) in paragraph at lines 42--42
\EU2/LinLibertine(0)/bx/n/20.74 Πλατφόρμας για την Υποβο
λή
 []


Underfull \hbox (badness 10000) in paragraph at lines 42--42
\EU2/LinLibertine(0)/bx/n/20.74 Επιστημονικών Εφαρμογών 
σε
 []


Underfull \hbox (badness 10000) in paragraph at lines 42--42

 []

luaotfload | load : path lookup of "LinLibertine_R.otf" unsuccessful, falling ba
ck to file:
Underfull \hbox (badness 10000) in paragraph at lines 42--42

 []

luaotfload | load : path lookup of "LinLibertine_RI.otf" unsuccessful, falling b
ack to file:
Underfull \hbox (badness 10000) in paragraph at lines 42--42

 []

[1

{/var/lib/texmf/fonts/map/pdftex/updmap/pdftex.map}<../images/aristotle_logo.png
>])
\openout2 = blank_page.aux
 (./blank_page.tex)LuaTeX warning (ext4): destination with the same identifie
r (name{page.1}) has been already used, duplicate ignored
<to be read again> 
\relax 
l.60 \include{blank_page}
                        [1

]
luaotfload | load : path lookup of "LinLibertine_R.otf" unsuccessful, falling ba
ck to file:
luaotfload | load : path lookup of "LinLibertine_RB.otf" unsuccessful, falling b
ack to file: (./thesis.toc
luaotfload | load : path lookup of "LinLibertine_RB.otf" unsuccessful, falling b
ack to file:)
\tf@toc=\write4

\openout4 = thesis.toc
 [2


]
\openout2 = blank_page.aux
 (./blank_page.tex) [3

]
(./thesis_intro.tex
luaotfload | load : path lookup of "LinLibertine_RB.otf" unsuccessful, falling b
ack to file:)
Package atveryend Info: Empty hook `BeforeClearDocument' on input line 70.
 [4

]
Package atveryend Info: Empty hook `AfterLastShipout' on input line 70.
 (./thesis.aux (./blank_page.aux) (./blank_page.aux))
Package atveryend Info: Executing hook `AtVeryEndDocument' on input line 70.
Package atveryend Info: Executing hook `AtEndAfterFileList' on input line 70.


Package rerunfilecheck Warning: File `thesis.out' has changed.
(rerunfilecheck)                Rerun to get outlines right
(rerunfilecheck)                or use package `bookmark'.

Package rerunfilecheck Info: Checksums for `thesis.out':
(rerunfilecheck)             Before: A634206D84798017606726F417DFB751;51
(rerunfilecheck)             After:  5480CD4DF9EED78E1D254B68CB19D27E;53.
Package atveryend Info: Empty hook `AtVeryVeryEnd' on input line 70.
)

Here is how much of LuaTeX's memory you used:
 31217 strings out of 495004
 100000,662416 words of node,token memory allocated
 339 words of node memory still in use:
   4 hlist, 1 vlist, 1 rule, 3 glue, 1 penalty, 4 attribute, 47 glue_spec, 4 att
ribute_list, 1 write nodes
   avail lists: 1:1,2:131,3:40,4:148,5:26,6:241,7:15,8:4,9:46,10:4
 33430 multiletter control sequences out of 65536+600000
 60 fonts using 11706827 bytes
 57i,8n,69p,725b,351s stack positions out of 5000i,500n,10000p,200000b,100000s
LuaTeX warning (dest): name{chapter.1} has been referenced but does not exist, r
eplaced by a fixed one

</usr/share/texlive/texmf-dist/fonts/opentype/public/libertine/LinLibertine_RI.o
tf></usr/share/texlive/texmf-dist/fonts/opentype/public/libertine/LinLibertine_R
B.otf></usr/share/texlive/texmf-dist/fonts/opentype/public/libertine/LinLibertin
e_R.otf></usr/share/texlive/texmf-dist/fonts/opentype/public/libertine/LinLibert
ine_R.otf>
Output written on thesis.pdf (5 pages, 107243 bytes).

PDF statistics: 67 PDF objects out of 1000 (max. 8388607)
 45 compressed objects within 1 object stream
 8 named destinations out of 1000 (max. 131072)
 9 words of extra memory for PDF output out of 10000 (max. 10000000)

